This is pdfTeX, Version 3.141592653-2.6-1.40.27 (MiKTeX 25.3) (preloaded format=pdflatex 2025.3.11)  2 APR 2025 15:10
entering extended mode
 restricted \write18 enabled.
 file:line:error style messages enabled.
 %&-line parsing enabled.
**d:/Dokumente/Bachelorarbeit/Bachelorarbeit.tex
(d:/Dokumente/Bachelorarbeit/Bachelorarbeit.tex
LaTeX2e <2024-11-01> patch level 2
L3 programming layer <2025-01-18>
(C:\Users\z004b0bv\AppData\Local\Programs\MiKTeX\tex/latex/koma-script\scrbook.cls
Document Class: scrbook 2024/10/24 v3.43 KOMA-Script document class (book)
(C:\Users\z004b0bv\AppData\Local\Programs\MiKTeX\tex/latex/koma-script\scrkbase.sty
Package: scrkbase 2024/10/24 v3.43 KOMA-Script package (KOMA-Script-dependent basics and keyval usage)
 (C:\Users\z004b0bv\AppData\Local\Programs\MiKTeX\tex/latex/koma-script\scrbase.sty
Package: scrbase 2024/10/24 v3.43 KOMA-Script package (KOMA-Script-independent basics and keyval usage)
 (C:\Users\z004b0bv\AppData\Local\Programs\MiKTeX\tex/latex/koma-script\scrlfile.sty
Package: scrlfile 2024/10/24 v3.43 KOMA-Script package (file load hooks)
 (C:\Users\z004b0bv\AppData\Local\Programs\MiKTeX\tex/latex/koma-script\scrlfile-hook.sty
Package: scrlfile-hook 2024/10/24 v3.43 KOMA-Script package (using LaTeX hooks)
 (C:\Users\z004b0bv\AppData\Local\Programs\MiKTeX\tex/latex/koma-script\scrlogo.sty
Package: scrlogo 2024/10/24 v3.43 KOMA-Script package (logo)
))) (C:\Users\z004b0bv\AppData\Local\Programs\MiKTeX\tex/latex/graphics\keyval.sty
Package: keyval 2022/05/29 v1.15 key=value parser (DPC)
\KV@toks@=\toks17
)
Applying: [2021/05/01] Usage of raw or classic option list on input line 254.
Already applied: [0000/00/00] Usage of raw or classic option list on input line 370.
)) (C:\Users\z004b0bv\AppData\Local\Programs\MiKTeX\tex/latex/koma-script\tocbasic.sty
Package: tocbasic 2024/10/24 v3.43 KOMA-Script package (handling toc-files)
\scr@dte@tocline@numberwidth=\skip49
\scr@dte@tocline@numbox=\box52
)
Package tocbasic Info: omitting babel extension for `toc'
(tocbasic)             because of feature `nobabel' available
(tocbasic)             for `toc' on input line 137.
Package scrbook Info: You've used standard option `12pt'.
(scrbook)             This is correct!
(scrbook)             Internally I'm using `fontsize=12pt'.
(scrbook)             If you'd like to set the option with \KOMAoptions,
(scrbook)             you'd have to use `fontsize=12pt' there
(scrbook)             instead of `12pt', too.
Class scrbook Info: You've used standard option `oneside'.
(scrbook)           This is correct!
(scrbook)           Internally I'm using `twoside=false'.
(scrbook)           If you'd like to set the option with \KOMAoptions,
(scrbook)           you'd have to use `twoside=false' there
(scrbook)           instead of `oneside', too.
Class scrbook Info: You've used standard option `openright'.
(scrbook)           This is correct!
(scrbook)           Internally I'm using `open=right'.
(scrbook)           If you'd like to set the option with \KOMAoptions,
(scrbook)           you'd have to use `open=right' there
(scrbook)           instead of `openright', too.
Class scrbook Info: You've used standard option `final'.
(scrbook)           This is correct!
(scrbook)           Internally I'm using `draft=false'.
(scrbook)           If you'd like to set the option with \KOMAoptions,
(scrbook)           you'd have to use `draft=false' there
(scrbook)           instead of `final', too.
Class scrbook Info: File `scrsize12pt.clo' used to setup font sizes on input line 2716.
 (C:\Users\z004b0bv\AppData\Local\Programs\MiKTeX\tex/latex/koma-script\scrsize12pt.clo
File: scrsize12pt.clo 2024/10/24 v3.43 KOMA-Script font size class option (12pt)
) (C:\Users\z004b0bv\AppData\Local\Programs\MiKTeX\tex/latex/koma-script\typearea.sty
Package: typearea 2024/10/24 v3.43 KOMA-Script package (type area)
\ta@bcor=\skip50
\ta@div=\count196
Package typearea Info: You've used standard option `a4paper'.
(typearea)             This is correct!
(typearea)             Internally I'm using `paper=a4'.
(typearea)             If you'd like to set the option with \KOMAoptions,
(typearea)             you'd have to use `paper=a4' there
(typearea)             instead of `a4paper', too.
Package typearea Info: You've used standard option `oneside'.
(typearea)             This is correct!
(typearea)             Internally I'm using `twoside=false'.
(typearea)             If you'd like to set the option with \KOMAoptions,
(typearea)             you'd have to use `twoside=false' there
(typearea)             instead of `oneside', too.
\ta@hblk=\skip51
\ta@vblk=\skip52
\ta@temp=\skip53
\footheight=\skip54
Package typearea Info: These are the values describing the layout:
(typearea)             DIV  = 12
(typearea)             BCOR = 0.0pt
(typearea)             \paperwidth      = 597.50793pt
(typearea)              \textwidth      = 448.13095pt
(typearea)              DIV departure   = -6%
(typearea)              \evensidemargin = 2.4185pt
(typearea)              \oddsidemargin  = 2.4185pt
(typearea)             \paperheight     = 845.04694pt
(typearea)              \textheight     = 635.5pt
(typearea)              \topmargin      = -41.72441pt
(typearea)              \headheight     = 18.125pt
(typearea)              \headsep        = 21.75pt
(typearea)              \topskip        = 12.0pt
(typearea)              \footskip       = 50.75pt
(typearea)              \baselineskip   = 14.5pt
(typearea)              on input line 1802.
)
\c@part=\count197
\c@chapter=\count198
\c@section=\count199
\c@subsection=\count266
\c@subsubsection=\count267
\c@paragraph=\count268
\c@subparagraph=\count269
\scr@dte@chapter@maxnumwidth=\skip55
Class scrbook Info: using compatibility default `afterindent=bysign'
(scrbook)           for `\chapter on input line 6016.
\scr@dte@section@maxnumwidth=\skip56
Class scrbook Info: using compatibility default `runin=bysign'
(scrbook)           for `\section on input line 6027.
Class scrbook Info: using compatibility default `afterindent=bysign'
(scrbook)           for `\section on input line 6027.
\scr@dte@part@maxnumwidth=\skip57
Class scrbook Info: using compatibility default `afterindent=true'
(scrbook)           for `\part on input line 6036.
\scr@dte@subsection@maxnumwidth=\skip58
Class scrbook Info: using compatibility default `runin=bysign'
(scrbook)           for `\subsection on input line 6046.
Class scrbook Info: using compatibility default `afterindent=bysign'
(scrbook)           for `\subsection on input line 6046.
\scr@dte@subsubsection@maxnumwidth=\skip59
Class scrbook Info: using compatibility default `runin=bysign'
(scrbook)           for `\subsubsection on input line 6056.
Class scrbook Info: using compatibility default `afterindent=bysign'
(scrbook)           for `\subsubsection on input line 6056.
\scr@dte@paragraph@maxnumwidth=\skip60
Class scrbook Info: using compatibility default `runin=bysign'
(scrbook)           for `\paragraph on input line 6067.
Class scrbook Info: using compatibility default `afterindent=bysign'
(scrbook)           for `\paragraph on input line 6067.
\scr@dte@subparagraph@maxnumwidth=\skip61
Class scrbook Info: using compatibility default `runin=bysign'
(scrbook)           for `\subparagraph on input line 6077.
Class scrbook Info: using compatibility default `afterindent=bysign'
(scrbook)           for `\subparagraph on input line 6077.
\abovecaptionskip=\skip62
\belowcaptionskip=\skip63
\c@pti@nb@sid@b@x=\box53
Package tocbasic Info: omitting babel extension for `lof'
(tocbasic)             because of feature `nobabel' available
(tocbasic)             for `lof' on input line 7271.
\scr@dte@figure@maxnumwidth=\skip64
\c@figure=\count270
Package tocbasic Info: omitting babel extension for `lot'
(tocbasic)             because of feature `nobabel' available
(tocbasic)             for `lot' on input line 7288.
\scr@dte@table@maxnumwidth=\skip65
\c@table=\count271
Class scrbook Info: Redefining `\numberline' on input line 7459.
\bibindent=\dimen141
) (C:\Users\z004b0bv\AppData\Local\Programs\MiKTeX\tex/latex/psnfss\times.sty
Package: times 2020/03/25 PSNFSS-v9.3 (SPQR) 
) (C:\Users\z004b0bv\AppData\Local\Programs\MiKTeX\tex/latex/koma-script\scrlayer-scrpage.sty
Package: scrlayer-scrpage 2024/10/24 v3.43 KOMA-Script package (end user interface for scrlayer)
 (C:\Users\z004b0bv\AppData\Local\Programs\MiKTeX\tex/latex/koma-script\scrlayer.sty
Package: scrlayer 2024/10/24 v3.43 KOMA-Script package (defining layers and page styles)
Package scrlayer Info: patching LaTeX kernel macro \pagestyle on input line 2182.
)
Package scrlayer-scrpage Info: Makeing stand-alone element `pagehead' from
(scrlayer-scrpage)             alias to `pageheadfoot' on input line 1106.
) (C:\Users\z004b0bv\AppData\Local\Programs\MiKTeX\tex/latex/scrhack\scrhack.sty
Package: scrhack 2024-09-04 v3.42 scrhack emulation package
) (C:\Users\z004b0bv\AppData\Local\Programs\MiKTeX\tex/latex/base\inputenc.sty
Package: inputenc 2024/02/08 v1.3d Input encoding file
\inpenc@prehook=\toks18
\inpenc@posthook=\toks19
) (C:\Users\z004b0bv\AppData\Local\Programs\MiKTeX\tex/latex/base\fontenc.sty
Package: fontenc 2021/04/29 v2.0v Standard LaTeX package
LaTeX Font Info:    Trying to load font information for T1+ptm on input line 116.
 (C:\Users\z004b0bv\AppData\Local\Programs\MiKTeX\tex/latex/psnfss\t1ptm.fd
File: t1ptm.fd 2001/06/04 font definitions for T1/ptm.
)) (C:\Users\z004b0bv\AppData\Local\Programs\MiKTeX\tex/latex/lm\lmodern.sty
Package: lmodern 2015/05/01 v1.6.1 Latin Modern Fonts
LaTeX Font Info:    Overwriting symbol font `operators' in version `normal'
(Font)                  OT1/cmr/m/n --> OT1/lmr/m/n on input line 22.
LaTeX Font Info:    Overwriting symbol font `letters' in version `normal'
(Font)                  OML/cmm/m/it --> OML/lmm/m/it on input line 23.
LaTeX Font Info:    Overwriting symbol font `symbols' in version `normal'
(Font)                  OMS/cmsy/m/n --> OMS/lmsy/m/n on input line 24.
LaTeX Font Info:    Overwriting symbol font `largesymbols' in version `normal'
(Font)                  OMX/cmex/m/n --> OMX/lmex/m/n on input line 25.
LaTeX Font Info:    Overwriting symbol font `operators' in version `bold'
(Font)                  OT1/cmr/bx/n --> OT1/lmr/bx/n on input line 26.
LaTeX Font Info:    Overwriting symbol font `letters' in version `bold'
(Font)                  OML/cmm/b/it --> OML/lmm/b/it on input line 27.
LaTeX Font Info:    Overwriting symbol font `symbols' in version `bold'
(Font)                  OMS/cmsy/b/n --> OMS/lmsy/b/n on input line 28.
LaTeX Font Info:    Overwriting symbol font `largesymbols' in version `bold'
(Font)                  OMX/cmex/m/n --> OMX/lmex/m/n on input line 29.
LaTeX Font Info:    Overwriting math alphabet `\mathbf' in version `normal'
(Font)                  OT1/cmr/bx/n --> OT1/lmr/bx/n on input line 31.
LaTeX Font Info:    Overwriting math alphabet `\mathsf' in version `normal'
(Font)                  OT1/cmss/m/n --> OT1/lmss/m/n on input line 32.
LaTeX Font Info:    Overwriting math alphabet `\mathit' in version `normal'
(Font)                  OT1/cmr/m/it --> OT1/lmr/m/it on input line 33.
LaTeX Font Info:    Overwriting math alphabet `\mathtt' in version `normal'
(Font)                  OT1/cmtt/m/n --> OT1/lmtt/m/n on input line 34.
LaTeX Font Info:    Overwriting math alphabet `\mathbf' in version `bold'
(Font)                  OT1/cmr/bx/n --> OT1/lmr/bx/n on input line 35.
LaTeX Font Info:    Overwriting math alphabet `\mathsf' in version `bold'
(Font)                  OT1/cmss/bx/n --> OT1/lmss/bx/n on input line 36.
LaTeX Font Info:    Overwriting math alphabet `\mathit' in version `bold'
(Font)                  OT1/cmr/bx/it --> OT1/lmr/bx/it on input line 37.
LaTeX Font Info:    Overwriting math alphabet `\mathtt' in version `bold'
(Font)                  OT1/cmtt/m/n --> OT1/lmtt/m/n on input line 38.
) (C:\Users\z004b0bv\AppData\Local\Programs\MiKTeX\tex/latex/relsize\relsize.sty
Package: relsize 2013/03/29 ver 4.1
) (C:\Users\z004b0bv\AppData\Local\Programs\MiKTeX\tex/latex/base\textcomp.sty
Package: textcomp 2024/04/24 v2.1b Standard LaTeX package
) (C:\Users\z004b0bv\AppData\Local\Programs\MiKTeX\tex/latex/csquotes\csquotes.sty
Package: csquotes 2024-04-04 v5.2o context-sensitive quotations (JAW)
 (C:\Users\z004b0bv\AppData\Local\Programs\MiKTeX\tex/latex/etoolbox\etoolbox.sty
Package: etoolbox 2025/02/11 v2.5l e-TeX tools for LaTeX (JAW)
\etb@tempcnta=\count272
)
\csq@reset=\count273
\csq@gtype=\count274
\csq@glevel=\count275
\csq@qlevel=\count276
\csq@maxlvl=\count277
\csq@tshold=\count278
\csq@ltx@everypar=\toks20
 (C:\Users\z004b0bv\AppData\Local\Programs\MiKTeX\tex/latex/csquotes\csquotes.def
File: csquotes.def 2024-04-04 v5.2o csquotes generic definitions (JAW)
)
Package csquotes Info: Trying to load configuration file 'csquotes.cfg'...
Package csquotes Info: ... configuration file loaded successfully.
 (C:\Users\z004b0bv\AppData\Local\Programs\MiKTeX\tex/latex/csquotes\csquotes.cfg
File: csquotes.cfg 
)) (C:\Users\z004b0bv\AppData\Local\Programs\MiKTeX\tex/latex/amsmath\amsmath.sty
Package: amsmath 2024/11/05 v2.17t AMS math features
\@mathmargin=\skip66

For additional information on amsmath, use the `?' option.
(C:\Users\z004b0bv\AppData\Local\Programs\MiKTeX\tex/latex/amsmath\amstext.sty
Package: amstext 2021/08/26 v2.01 AMS text
 (C:\Users\z004b0bv\AppData\Local\Programs\MiKTeX\tex/latex/amsmath\amsgen.sty
File: amsgen.sty 1999/11/30 v2.0 generic functions
\@emptytoks=\toks21
\ex@=\dimen142
)) (C:\Users\z004b0bv\AppData\Local\Programs\MiKTeX\tex/latex/amsmath\amsbsy.sty
Package: amsbsy 1999/11/29 v1.2d Bold Symbols
\pmbraise@=\dimen143
) (C:\Users\z004b0bv\AppData\Local\Programs\MiKTeX\tex/latex/amsmath\amsopn.sty
Package: amsopn 2022/04/08 v2.04 operator names
)
\inf@bad=\count279
LaTeX Info: Redefining \frac on input line 233.
\uproot@=\count280
\leftroot@=\count281
LaTeX Info: Redefining \overline on input line 398.
LaTeX Info: Redefining \colon on input line 409.
\classnum@=\count282
\DOTSCASE@=\count283
LaTeX Info: Redefining \ldots on input line 495.
LaTeX Info: Redefining \dots on input line 498.
LaTeX Info: Redefining \cdots on input line 619.
\Mathstrutbox@=\box54
\strutbox@=\box55
LaTeX Info: Redefining \big on input line 721.
LaTeX Info: Redefining \Big on input line 722.
LaTeX Info: Redefining \bigg on input line 723.
LaTeX Info: Redefining \Bigg on input line 724.
\big@size=\dimen144
LaTeX Font Info:    Redeclaring font encoding OML on input line 742.
LaTeX Font Info:    Redeclaring font encoding OMS on input line 743.
\macc@depth=\count284
LaTeX Info: Redefining \bmod on input line 904.
LaTeX Info: Redefining \pmod on input line 909.
LaTeX Info: Redefining \smash on input line 939.
LaTeX Info: Redefining \relbar on input line 969.
LaTeX Info: Redefining \Relbar on input line 970.
\c@MaxMatrixCols=\count285
\dotsspace@=\muskip17
\c@parentequation=\count286
\dspbrk@lvl=\count287
\tag@help=\toks22
\row@=\count288
\column@=\count289
\maxfields@=\count290
\andhelp@=\toks23
\eqnshift@=\dimen145
\alignsep@=\dimen146
\tagshift@=\dimen147
\tagwidth@=\dimen148
\totwidth@=\dimen149
\lineht@=\dimen150
\@envbody=\toks24
\multlinegap=\skip67
\multlinetaggap=\skip68
\mathdisplay@stack=\toks25
LaTeX Info: Redefining \[ on input line 2953.
LaTeX Info: Redefining \] on input line 2954.
) (C:\Users\z004b0bv\AppData\Local\Programs\MiKTeX\tex/latex/amsfonts\amsfonts.sty
Package: amsfonts 2013/01/14 v3.01 Basic AMSFonts support
\symAMSa=\mathgroup4
\symAMSb=\mathgroup5
LaTeX Font Info:    Redeclaring math symbol \hbar on input line 98.
LaTeX Font Info:    Overwriting math alphabet `\mathfrak' in version `bold'
(Font)                  U/euf/m/n --> U/euf/b/n on input line 106.
) (C:\Users\z004b0bv\AppData\Local\Programs\MiKTeX\tex/generic/babel\babel.sty
Package: babel 2025/02/14 v25.4 The multilingual framework for pdfLaTeX, LuaLaTeX and XeLaTeX
\babel@savecnt=\count291
\U@D=\dimen151
\l@unhyphenated=\language79
 (C:\Users\z004b0bv\AppData\Local\Programs\MiKTeX\tex/generic/babel\txtbabel.def)
\bbl@readstream=\read2
\bbl@dirlevel=\count292

*************************************
* Local config file bblopts.cfg used
*
(C:\Users\z004b0bv\AppData\Local\Programs\MiKTeX\tex/latex/arabi\bblopts.cfg
File: bblopts.cfg 2005/09/08 v0.1 add Arabic and Farsi to "declared" options of babel
) (C:\Users\z004b0bv\AppData\Local\Programs\MiKTeX\tex/latex/babel-german\ngerman.ldf
Language: ngerman 2024/12/10 v2.15 German support for babel (post-1996 orthography)
 (C:\Users\z004b0bv\AppData\Local\Programs\MiKTeX\tex/latex/babel-german\ngermanb.ldf
Language: ngermanb 2024/12/10 v2.15 German support for babel (post-1996 orthography)
Package babel Info: Making " an active character on input line 122.
))) (C:\Users\z004b0bv\AppData\Local\Programs\MiKTeX\tex/generic/babel/locale/de\babel-ngerman.tex
Package babel Info: Importing font and identification data for ngerman
(babel)             from babel-de.ini. Reported on input line 11.
) (C:\Users\z004b0bv\AppData\Local\Programs\MiKTeX\tex/latex/graphics\graphicx.sty
Package: graphicx 2021/09/16 v1.2d Enhanced LaTeX Graphics (DPC,SPQR)
 (C:\Users\z004b0bv\AppData\Local\Programs\MiKTeX\tex/latex/graphics\graphics.sty
Package: graphics 2024/08/06 v1.4g Standard LaTeX Graphics (DPC,SPQR)
 (C:\Users\z004b0bv\AppData\Local\Programs\MiKTeX\tex/latex/graphics\trig.sty
Package: trig 2023/12/02 v1.11 sin cos tan (DPC)
) (C:\Users\z004b0bv\AppData\Local\Programs\MiKTeX\tex/latex/graphics-cfg\graphics.cfg
File: graphics.cfg 2016/06/04 v1.11 sample graphics configuration
)
Package graphics Info: Driver file: pdftex.def on input line 106.
 (C:\Users\z004b0bv\AppData\Local\Programs\MiKTeX\tex/latex/graphics-def\pdftex.def
File: pdftex.def 2024/04/13 v1.2c Graphics/color driver for pdftex
))
\Gin@req@height=\dimen152
\Gin@req@width=\dimen153
) (C:\Users\z004b0bv\AppData\Local\Programs\MiKTeX\tex/latex/setspace\setspace.sty
Package: setspace 2022/12/04 v6.7b set line spacing
) (C:\Users\z004b0bv\AppData\Local\Programs\MiKTeX\tex/latex/setspaceenhanced\setspaceenhanced.sty
Package: setspaceenhanced 2024-11-12 v1.04 improved setspace package
) (C:\Users\z004b0bv\AppData\Local\Programs\MiKTeX\tex/latex/geometry\geometry.sty
Package: geometry 2020/01/02 v5.9 Page Geometry
 (C:\Users\z004b0bv\AppData\Local\Programs\MiKTeX\tex/generic/iftex\ifvtex.sty
Package: ifvtex 2019/10/25 v1.7 ifvtex legacy package. Use iftex instead.
 (C:\Users\z004b0bv\AppData\Local\Programs\MiKTeX\tex/generic/iftex\iftex.sty
Package: iftex 2024/12/12 v1.0g TeX engine tests
))
\Gm@cnth=\count293
\Gm@cntv=\count294
\c@Gm@tempcnt=\count295
\Gm@bindingoffset=\dimen154
\Gm@wd@mp=\dimen155
\Gm@odd@mp=\dimen156
\Gm@even@mp=\dimen157
\Gm@layoutwidth=\dimen158
\Gm@layoutheight=\dimen159
\Gm@layouthoffset=\dimen160
\Gm@layoutvoffset=\dimen161
\Gm@dimlist=\toks26
 (C:\Users\z004b0bv\AppData\Local\Programs\MiKTeX\tex/latex/geometry\geometry.cfg)) (C:\Users\z004b0bv\AppData\Local\Programs\MiKTeX\tex/latex/xcolor\xcolor.sty
Package: xcolor 2024/09/29 v3.02 LaTeX color extensions (UK)
 (C:\Users\z004b0bv\AppData\Local\Programs\MiKTeX\tex/latex/graphics-cfg\color.cfg
File: color.cfg 2016/01/02 v1.6 sample color configuration
)
Package xcolor Info: Driver file: pdftex.def on input line 274.
 (C:\Users\z004b0bv\AppData\Local\Programs\MiKTeX\tex/latex/graphics\mathcolor.ltx)
Package xcolor Info: Model `cmy' substituted by `cmy0' on input line 1349.
Package xcolor Info: Model `hsb' substituted by `rgb' on input line 1353.
Package xcolor Info: Model `RGB' extended on input line 1365.
Package xcolor Info: Model `HTML' substituted by `rgb' on input line 1367.
Package xcolor Info: Model `Hsb' substituted by `hsb' on input line 1368.
Package xcolor Info: Model `tHsb' substituted by `hsb' on input line 1369.
Package xcolor Info: Model `HSB' substituted by `hsb' on input line 1370.
Package xcolor Info: Model `Gray' substituted by `gray' on input line 1371.
Package xcolor Info: Model `wave' substituted by `hsb' on input line 1372.
) (C:\Users\z004b0bv\AppData\Local\Programs\MiKTeX\tex/latex/base\makeidx.sty
Package: makeidx 2021/10/04 v1.0m Standard LaTeX package
) (C:\Users\z004b0bv\AppData\Local\Programs\MiKTeX\tex/latex/paralist\paralist.sty
Package: paralist 2017/01/22 v2.7 Extended list environments
\pltopsep=\skip69
\plpartopsep=\skip70
\plitemsep=\skip71
\plparsep=\skip72
\pl@lab=\toks27
) (C:\Users\z004b0bv\AppData\Local\Programs\MiKTeX\tex/latex/base\ifthen.sty
Package: ifthen 2024/03/16 v1.1e Standard LaTeX ifthen package (DPC)
) (C:\Users\z004b0bv\AppData\Local\Programs\MiKTeX\tex/latex/todonotes\todonotes.sty
Package: todonotes 2024/01/05 v1.1.7 Todonotes source and documentation.
Package: todonotes 2024/01/05
 (C:\Users\z004b0bv\AppData\Local\Programs\MiKTeX\tex/latex/xkeyval\xkeyval.sty
Package: xkeyval 2022/06/16 v2.9 package option processing (HA)
 (C:\Users\z004b0bv\AppData\Local\Programs\MiKTeX\tex/generic/xkeyval\xkeyval.tex (C:\Users\z004b0bv\AppData\Local\Programs\MiKTeX\tex/generic/xkeyval\xkvutils.tex
\XKV@toks=\toks28
\XKV@tempa@toks=\toks29
)
\XKV@depth=\count296
File: xkeyval.tex 2014/12/03 v2.7a key=value parser (HA)
)) (C:\Users\z004b0bv\AppData\Local\Programs\MiKTeX\tex/latex/pgf/frontendlayer\tikz.sty (C:\Users\z004b0bv\AppData\Local\Programs\MiKTeX\tex/latex/pgf/basiclayer\pgf.sty (C:\Users\z004b0bv\AppData\Local\Programs\MiKTeX\tex/latex/pgf/utilities\pgfrcs.sty (C:\Users\z004b0bv\AppData\Local\Programs\MiKTeX\tex/generic/pgf/utilities\pgfutil-common.tex
\pgfutil@everybye=\toks30
\pgfutil@tempdima=\dimen162
\pgfutil@tempdimb=\dimen163
) (C:\Users\z004b0bv\AppData\Local\Programs\MiKTeX\tex/generic/pgf/utilities\pgfutil-latex.def
\pgfutil@abb=\box56
) (C:\Users\z004b0bv\AppData\Local\Programs\MiKTeX\tex/generic/pgf/utilities\pgfrcs.code.tex (C:\Users\z004b0bv\AppData\Local\Programs\MiKTeX\tex/generic/pgf\pgf.revision.tex)
Package: pgfrcs 2023-01-15 v3.1.10 (3.1.10)
))
Package: pgf 2023-01-15 v3.1.10 (3.1.10)
 (C:\Users\z004b0bv\AppData\Local\Programs\MiKTeX\tex/latex/pgf/basiclayer\pgfcore.sty (C:\Users\z004b0bv\AppData\Local\Programs\MiKTeX\tex/latex/pgf/systemlayer\pgfsys.sty (C:\Users\z004b0bv\AppData\Local\Programs\MiKTeX\tex/generic/pgf/systemlayer\pgfsys.code.tex
Package: pgfsys 2023-01-15 v3.1.10 (3.1.10)
 (C:\Users\z004b0bv\AppData\Local\Programs\MiKTeX\tex/generic/pgf/utilities\pgfkeys.code.tex
\pgfkeys@pathtoks=\toks31
\pgfkeys@temptoks=\toks32
 (C:\Users\z004b0bv\AppData\Local\Programs\MiKTeX\tex/generic/pgf/utilities\pgfkeyslibraryfiltered.code.tex
\pgfkeys@tmptoks=\toks33
))
\pgf@x=\dimen164
\pgf@y=\dimen165
\pgf@xa=\dimen166
\pgf@ya=\dimen167
\pgf@xb=\dimen168
\pgf@yb=\dimen169
\pgf@xc=\dimen170
\pgf@yc=\dimen171
\pgf@xd=\dimen172
\pgf@yd=\dimen173
\w@pgf@writea=\write3
\r@pgf@reada=\read3
\c@pgf@counta=\count297
\c@pgf@countb=\count298
\c@pgf@countc=\count299
\c@pgf@countd=\count300
\t@pgf@toka=\toks34
\t@pgf@tokb=\toks35
\t@pgf@tokc=\toks36
\pgf@sys@id@count=\count301
 (C:\Users\z004b0bv\AppData\Local\Programs\MiKTeX\tex/generic/pgf/systemlayer\pgf.cfg
File: pgf.cfg 2023-01-15 v3.1.10 (3.1.10)
)
Driver file for pgf: pgfsys-pdftex.def
 (C:\Users\z004b0bv\AppData\Local\Programs\MiKTeX\tex/generic/pgf/systemlayer\pgfsys-pdftex.def
File: pgfsys-pdftex.def 2023-01-15 v3.1.10 (3.1.10)
 (C:\Users\z004b0bv\AppData\Local\Programs\MiKTeX\tex/generic/pgf/systemlayer\pgfsys-common-pdf.def
File: pgfsys-common-pdf.def 2023-01-15 v3.1.10 (3.1.10)
))) (C:\Users\z004b0bv\AppData\Local\Programs\MiKTeX\tex/generic/pgf/systemlayer\pgfsyssoftpath.code.tex
File: pgfsyssoftpath.code.tex 2023-01-15 v3.1.10 (3.1.10)
\pgfsyssoftpath@smallbuffer@items=\count302
\pgfsyssoftpath@bigbuffer@items=\count303
) (C:\Users\z004b0bv\AppData\Local\Programs\MiKTeX\tex/generic/pgf/systemlayer\pgfsysprotocol.code.tex
File: pgfsysprotocol.code.tex 2023-01-15 v3.1.10 (3.1.10)
)) (C:\Users\z004b0bv\AppData\Local\Programs\MiKTeX\tex/generic/pgf/basiclayer\pgfcore.code.tex
Package: pgfcore 2023-01-15 v3.1.10 (3.1.10)
 (C:\Users\z004b0bv\AppData\Local\Programs\MiKTeX\tex/generic/pgf/math\pgfmath.code.tex (C:\Users\z004b0bv\AppData\Local\Programs\MiKTeX\tex/generic/pgf/math\pgfmathutil.code.tex) (C:\Users\z004b0bv\AppData\Local\Programs\MiKTeX\tex/generic/pgf/math\pgfmathparser.code.tex
\pgfmath@dimen=\dimen174
\pgfmath@count=\count304
\pgfmath@box=\box57
\pgfmath@toks=\toks37
\pgfmath@stack@operand=\toks38
\pgfmath@stack@operation=\toks39
) (C:\Users\z004b0bv\AppData\Local\Programs\MiKTeX\tex/generic/pgf/math\pgfmathfunctions.code.tex) (C:\Users\z004b0bv\AppData\Local\Programs\MiKTeX\tex/generic/pgf/math\pgfmathfunctions.basic.code.tex) (C:\Users\z004b0bv\AppData\Local\Programs\MiKTeX\tex/generic/pgf/math\pgfmathfunctions.trigonometric.code.tex) (C:\Users\z004b0bv\AppData\Local\Programs\MiKTeX\tex/generic/pgf/math\pgfmathfunctions.random.code.tex) (C:\Users\z004b0bv\AppData\Local\Programs\MiKTeX\tex/generic/pgf/math\pgfmathfunctions.comparison.code.tex) (C:\Users\z004b0bv\AppData\Local\Programs\MiKTeX\tex/generic/pgf/math\pgfmathfunctions.base.code.tex) (C:\Users\z004b0bv\AppData\Local\Programs\MiKTeX\tex/generic/pgf/math\pgfmathfunctions.round.code.tex) (C:\Users\z004b0bv\AppData\Local\Programs\MiKTeX\tex/generic/pgf/math\pgfmathfunctions.misc.code.tex) (C:\Users\z004b0bv\AppData\Local\Programs\MiKTeX\tex/generic/pgf/math\pgfmathfunctions.integerarithmetics.code.tex) (C:\Users\z004b0bv\AppData\Local\Programs\MiKTeX\tex/generic/pgf/math\pgfmathcalc.code.tex) (C:\Users\z004b0bv\AppData\Local\Programs\MiKTeX\tex/generic/pgf/math\pgfmathfloat.code.tex
\c@pgfmathroundto@lastzeros=\count305
)) (C:\Users\z004b0bv\AppData\Local\Programs\MiKTeX\tex/generic/pgf/math\pgfint.code.tex) (C:\Users\z004b0bv\AppData\Local\Programs\MiKTeX\tex/generic/pgf/basiclayer\pgfcorepoints.code.tex
File: pgfcorepoints.code.tex 2023-01-15 v3.1.10 (3.1.10)
\pgf@picminx=\dimen175
\pgf@picmaxx=\dimen176
\pgf@picminy=\dimen177
\pgf@picmaxy=\dimen178
\pgf@pathminx=\dimen179
\pgf@pathmaxx=\dimen180
\pgf@pathminy=\dimen181
\pgf@pathmaxy=\dimen182
\pgf@xx=\dimen183
\pgf@xy=\dimen184
\pgf@yx=\dimen185
\pgf@yy=\dimen186
\pgf@zx=\dimen187
\pgf@zy=\dimen188
) (C:\Users\z004b0bv\AppData\Local\Programs\MiKTeX\tex/generic/pgf/basiclayer\pgfcorepathconstruct.code.tex
File: pgfcorepathconstruct.code.tex 2023-01-15 v3.1.10 (3.1.10)
\pgf@path@lastx=\dimen189
\pgf@path@lasty=\dimen190
) (C:\Users\z004b0bv\AppData\Local\Programs\MiKTeX\tex/generic/pgf/basiclayer\pgfcorepathusage.code.tex
File: pgfcorepathusage.code.tex 2023-01-15 v3.1.10 (3.1.10)
\pgf@shorten@end@additional=\dimen191
\pgf@shorten@start@additional=\dimen192
) (C:\Users\z004b0bv\AppData\Local\Programs\MiKTeX\tex/generic/pgf/basiclayer\pgfcorescopes.code.tex
File: pgfcorescopes.code.tex 2023-01-15 v3.1.10 (3.1.10)
\pgfpic=\box58
\pgf@hbox=\box59
\pgf@layerbox@main=\box60
\pgf@picture@serial@count=\count306
) (C:\Users\z004b0bv\AppData\Local\Programs\MiKTeX\tex/generic/pgf/basiclayer\pgfcoregraphicstate.code.tex
File: pgfcoregraphicstate.code.tex 2023-01-15 v3.1.10 (3.1.10)
\pgflinewidth=\dimen193
) (C:\Users\z004b0bv\AppData\Local\Programs\MiKTeX\tex/generic/pgf/basiclayer\pgfcoretransformations.code.tex
File: pgfcoretransformations.code.tex 2023-01-15 v3.1.10 (3.1.10)
\pgf@pt@x=\dimen194
\pgf@pt@y=\dimen195
\pgf@pt@temp=\dimen196
) (C:\Users\z004b0bv\AppData\Local\Programs\MiKTeX\tex/generic/pgf/basiclayer\pgfcorequick.code.tex
File: pgfcorequick.code.tex 2023-01-15 v3.1.10 (3.1.10)
) (C:\Users\z004b0bv\AppData\Local\Programs\MiKTeX\tex/generic/pgf/basiclayer\pgfcoreobjects.code.tex
File: pgfcoreobjects.code.tex 2023-01-15 v3.1.10 (3.1.10)
) (C:\Users\z004b0bv\AppData\Local\Programs\MiKTeX\tex/generic/pgf/basiclayer\pgfcorepathprocessing.code.tex
File: pgfcorepathprocessing.code.tex 2023-01-15 v3.1.10 (3.1.10)
) (C:\Users\z004b0bv\AppData\Local\Programs\MiKTeX\tex/generic/pgf/basiclayer\pgfcorearrows.code.tex
File: pgfcorearrows.code.tex 2023-01-15 v3.1.10 (3.1.10)
\pgfarrowsep=\dimen197
) (C:\Users\z004b0bv\AppData\Local\Programs\MiKTeX\tex/generic/pgf/basiclayer\pgfcoreshade.code.tex
File: pgfcoreshade.code.tex 2023-01-15 v3.1.10 (3.1.10)
\pgf@max=\dimen198
\pgf@sys@shading@range@num=\count307
\pgf@shadingcount=\count308
) (C:\Users\z004b0bv\AppData\Local\Programs\MiKTeX\tex/generic/pgf/basiclayer\pgfcoreimage.code.tex
File: pgfcoreimage.code.tex 2023-01-15 v3.1.10 (3.1.10)
) (C:\Users\z004b0bv\AppData\Local\Programs\MiKTeX\tex/generic/pgf/basiclayer\pgfcoreexternal.code.tex
File: pgfcoreexternal.code.tex 2023-01-15 v3.1.10 (3.1.10)
\pgfexternal@startupbox=\box61
) (C:\Users\z004b0bv\AppData\Local\Programs\MiKTeX\tex/generic/pgf/basiclayer\pgfcorelayers.code.tex
File: pgfcorelayers.code.tex 2023-01-15 v3.1.10 (3.1.10)
) (C:\Users\z004b0bv\AppData\Local\Programs\MiKTeX\tex/generic/pgf/basiclayer\pgfcoretransparency.code.tex
File: pgfcoretransparency.code.tex 2023-01-15 v3.1.10 (3.1.10)
) (C:\Users\z004b0bv\AppData\Local\Programs\MiKTeX\tex/generic/pgf/basiclayer\pgfcorepatterns.code.tex
File: pgfcorepatterns.code.tex 2023-01-15 v3.1.10 (3.1.10)
) (C:\Users\z004b0bv\AppData\Local\Programs\MiKTeX\tex/generic/pgf/basiclayer\pgfcorerdf.code.tex
File: pgfcorerdf.code.tex 2023-01-15 v3.1.10 (3.1.10)
))) (C:\Users\z004b0bv\AppData\Local\Programs\MiKTeX\tex/generic/pgf/modules\pgfmoduleshapes.code.tex
File: pgfmoduleshapes.code.tex 2023-01-15 v3.1.10 (3.1.10)
\pgfnodeparttextbox=\box62
) (C:\Users\z004b0bv\AppData\Local\Programs\MiKTeX\tex/generic/pgf/modules\pgfmoduleplot.code.tex
File: pgfmoduleplot.code.tex 2023-01-15 v3.1.10 (3.1.10)
) (C:\Users\z004b0bv\AppData\Local\Programs\MiKTeX\tex/latex/pgf/compatibility\pgfcomp-version-0-65.sty
Package: pgfcomp-version-0-65 2023-01-15 v3.1.10 (3.1.10)
\pgf@nodesepstart=\dimen199
\pgf@nodesepend=\dimen256
) (C:\Users\z004b0bv\AppData\Local\Programs\MiKTeX\tex/latex/pgf/compatibility\pgfcomp-version-1-18.sty
Package: pgfcomp-version-1-18 2023-01-15 v3.1.10 (3.1.10)
)) (C:\Users\z004b0bv\AppData\Local\Programs\MiKTeX\tex/latex/pgf/utilities\pgffor.sty (C:\Users\z004b0bv\AppData\Local\Programs\MiKTeX\tex/latex/pgf/utilities\pgfkeys.sty (C:\Users\z004b0bv\AppData\Local\Programs\MiKTeX\tex/generic/pgf/utilities\pgfkeys.code.tex)) (C:\Users\z004b0bv\AppData\Local\Programs\MiKTeX\tex/latex/pgf/math\pgfmath.sty (C:\Users\z004b0bv\AppData\Local\Programs\MiKTeX\tex/generic/pgf/math\pgfmath.code.tex)) (C:\Users\z004b0bv\AppData\Local\Programs\MiKTeX\tex/generic/pgf/utilities\pgffor.code.tex
Package: pgffor 2023-01-15 v3.1.10 (3.1.10)
\pgffor@iter=\dimen257
\pgffor@skip=\dimen258
\pgffor@stack=\toks40
\pgffor@toks=\toks41
)) (C:\Users\z004b0bv\AppData\Local\Programs\MiKTeX\tex/generic/pgf/frontendlayer/tikz\tikz.code.tex
Package: tikz 2023-01-15 v3.1.10 (3.1.10)
 (C:\Users\z004b0bv\AppData\Local\Programs\MiKTeX\tex/generic/pgf/libraries\pgflibraryplothandlers.code.tex
File: pgflibraryplothandlers.code.tex 2023-01-15 v3.1.10 (3.1.10)
\pgf@plot@mark@count=\count309
\pgfplotmarksize=\dimen259
)
\tikz@lastx=\dimen260
\tikz@lasty=\dimen261
\tikz@lastxsaved=\dimen262
\tikz@lastysaved=\dimen263
\tikz@lastmovetox=\dimen264
\tikz@lastmovetoy=\dimen265
\tikzleveldistance=\dimen266
\tikzsiblingdistance=\dimen267
\tikz@figbox=\box63
\tikz@figbox@bg=\box64
\tikz@tempbox=\box65
\tikz@tempbox@bg=\box66
\tikztreelevel=\count310
\tikznumberofchildren=\count311
\tikznumberofcurrentchild=\count312
\tikz@fig@count=\count313
 (C:\Users\z004b0bv\AppData\Local\Programs\MiKTeX\tex/generic/pgf/modules\pgfmodulematrix.code.tex
File: pgfmodulematrix.code.tex 2023-01-15 v3.1.10 (3.1.10)
\pgfmatrixcurrentrow=\count314
\pgfmatrixcurrentcolumn=\count315
\pgf@matrix@numberofcolumns=\count316
)
\tikz@expandcount=\count317
 (C:\Users\z004b0bv\AppData\Local\Programs\MiKTeX\tex/generic/pgf/frontendlayer/tikz/libraries\tikzlibrarytopaths.code.tex
File: tikzlibrarytopaths.code.tex 2023-01-15 v3.1.10 (3.1.10)
))) (C:\Users\z004b0bv\AppData\Local\Programs\MiKTeX\tex/generic/pgf/frontendlayer/tikz/libraries\tikzlibrarypositioning.code.tex
File: tikzlibrarypositioning.code.tex 2023-01-15 v3.1.10 (3.1.10)
) (C:\Users\z004b0bv\AppData\Local\Programs\MiKTeX\tex/latex/tools\calc.sty
Package: calc 2023/07/08 v4.3 Infix arithmetic (KKT,FJ)
\calc@Acount=\count318
\calc@Bcount=\count319
\calc@Adimen=\dimen268
\calc@Bdimen=\dimen269
\calc@Askip=\skip73
\calc@Bskip=\skip74
LaTeX Info: Redefining \setlength on input line 80.
LaTeX Info: Redefining \addtolength on input line 81.
\calc@Ccount=\count320
\calc@Cskip=\skip75
)
\c@@todonotes@numberoftodonotes=\count321
) (C:\Users\z004b0bv\AppData\Local\Programs\MiKTeX\tex/latex/url\url.sty
\Urlmuskip=\muskip18
Package: url 2013/09/16  ver 3.4  Verb mode for urls, etc.
) (C:\Users\z004b0bv\AppData\Local\Programs\MiKTeX\tex/latex/glossaries/base\glossaries.sty
Package: glossaries 2025/03/03 v4.56 (NLCT)
 (C:\Users\z004b0bv\AppData\Local\Programs\MiKTeX\tex/latex/mfirstuc\mfirstuc.sty
Package: mfirstuc 2022/10/14 v2.08 (NLCT)
\@glsmfirst=\toks42
\@glsmrest=\toks43
) (C:\Users\z004b0bv\AppData\Local\Programs\MiKTeX\tex/latex/xfor\xfor.sty
Package: xfor 2009/02/05 v1.05 (NLCT)
) (C:\Users\z004b0bv\AppData\Local\Programs\MiKTeX\tex/latex/tracklang\tracklang.sty
Package: tracklang 2025/03/04 v1.6.5 (NLCT) Track Languages
 (C:\Users\z004b0bv\AppData\Local\Programs\MiKTeX\tex/generic/tracklang\tracklang.tex)) (C:\Users\z004b0bv\AppData\Local\Programs\MiKTeX\tex/latex/translator\translator.sty
Package: translator 2021-05-31 v1.12d Easy translation of strings in LaTeX
) (C:\Users\z004b0bv\AppData\Local\Programs\MiKTeX\tex/latex/glossaries-german\glossaries-german.ldf
File: glossaries-german.ldf 2014/11/23 v1.0
) (C:\Users\z004b0bv\AppData\Local\Programs\MiKTeX\tex/latex/datatool\datatool-base.sty
Package: datatool-base 2025/03/05 v3.0.1 (NLCT)
 (C:\Users\z004b0bv\AppData\Local\Programs\MiKTeX\tex/latex/datatool\datatool-l3fp.def
File: datatool-l3fp.def 2025/03/05 v3.0.1 (NLCT)
)
\@dtl@toks=\toks44
\@dtl@tmpcount=\count322
\dtl@tmplength=\skip76
\l__datatool_measure_box=\box67
\dtl@sortresult=\count323
 (C:\Users\z004b0bv\AppData\Local\Programs\MiKTeX\tex/latex/datatool\datatool-utf8.ldf
File: datatool-utf8.ldf 2025/03/05 v3.0.1 (NLCT)
)
\@dtl@datatype=\count324
\l__datatool_tmpa_int=\count325
\l__datatool_tmpb_int=\count326
\l__datatool_tmpc_int=\count327
\l__datatool_tmpd_int=\count328
\l__datatool_count_int=\count329
\l__datatool_tmp_datatype_int=\count330
\l__datatool_tmpa_dim=\dimen270
\l__datatool_tmpb_dim=\dimen271
\c_datatool_unknown_int=\count331
\l__datatool_year_int=\count332
\l__datatool_month_int=\count333
\l__datatool_day_int=\count334
\l__datatool_hour_int=\count335
\l__datatool_minute_int=\count336
\l__datatool_second_int=\count337
\l__datatool_tzhour_int=\count338
\l__datatool_tzminute_int=\count339
\l__datatool_julian_int=\count340
\l__datatool_local_julian_int=\count341
\l__datatool_prefix_int=\count342
\l__datatool_suffix_int=\count343
\@dtl@foreach@level=\count344


Package tracklang Warning: No `datatool' support for dialect `ngerman'  on input line 9897.

\dtl@codeA=\count345
\dtl@codeB=\count346
)
\gls@level=\count347
\@gls@tmpb=\toks45
\gls@tmplen=\skip77
\glskeylisttok=\toks46
\glslabeltok=\toks47
\glsshorttok=\toks48
\glslongtok=\toks49
 (C:\Users\z004b0bv\AppData\Local\Programs\MiKTeX\tex/latex/glossaries/styles\glossary-hypernav.sty
Package: glossary-hypernav 2025/03/03 v4.56 (NLCT)
) (C:\Users\z004b0bv\AppData\Local\Programs\MiKTeX\tex/latex/glossaries/styles\glossary-list.sty
Package: glossary-list 2025/03/03 v4.56 (NLCT)
\glslistdottedwidth=\skip78
) (C:\Users\z004b0bv\AppData\Local\Programs\MiKTeX\tex/latex/glossaries/styles\glossary-long.sty
Package: glossary-long 2025/03/03 v4.56 (NLCT)
 (C:\Users\z004b0bv\AppData\Local\Programs\MiKTeX\tex/latex/tools\longtable.sty
Package: longtable 2024-10-27 v4.22 Multi-page Table package (DPC)
\LTleft=\skip79
\LTright=\skip80
\LTpre=\skip81
\LTpost=\skip82
\LTchunksize=\count348
\LTcapwidth=\dimen272
\LT@head=\box68
\LT@firsthead=\box69
\LT@foot=\box70
\LT@lastfoot=\box71
\LT@gbox=\box72
\LT@cols=\count349
\LT@rows=\count350
\c@LT@tables=\count351
\c@LT@chunks=\count352
\LT@p@ftn=\toks50
)
Class scrbook Info: longtable captions redefined on input line 47.
\glsdescwidth=\skip83
\glspagelistwidth=\skip84
) (C:\Users\z004b0bv\AppData\Local\Programs\MiKTeX\tex/latex/glossaries/styles\glossary-super.sty
Package: glossary-super 2025/03/03 v4.56 (NLCT)
 (C:\Users\z004b0bv\AppData\Local\Programs\MiKTeX\tex/latex/supertabular\supertabular.sty
Package: supertabular 2024/07/20 v4.2c the supertabular environment
\c@tracingst=\count353
\ST@wd=\dimen273
\ST@rightskip=\skip85
\ST@leftskip=\skip86
\ST@parfillskip=\skip87
\ST@pageleft=\dimen274
\ST@headht=\dimen275
\ST@tailht=\dimen276
\ST@pagesofar=\dimen277
\ST@pboxht=\dimen278
\ST@rowht=\dimen279
\ST@prevht=\dimen280
\ST@toadd=\dimen281
\ST@dimen=\dimen282
\ST@pbox=\box73
)) (C:\Users\z004b0bv\AppData\Local\Programs\MiKTeX\tex/latex/glossaries/styles\glossary-tree.sty
Package: glossary-tree 2025/03/03 v4.56 (NLCT)
\glstreeindent=\skip88
)) (C:\Users\z004b0bv\AppData\Local\Programs\MiKTeX\tex/latex/pdfpages\pdfpages.sty
Package: pdfpages 2025/01/30 v0.6e Insert pages of external PDF documents (AM)
 (C:\Users\z004b0bv\AppData\Local\Programs\MiKTeX\tex/latex/eso-pic\eso-pic.sty
Package: eso-pic 2023/05/03 v3.0c eso-pic (RN)
\ESO@tempdima=\dimen283
\ESO@tempdimb=\dimen284
)
\AM@pagewidth=\dimen285
\AM@pageheight=\dimen286
\AM@fboxrule=\dimen287
 (C:\Users\z004b0bv\AppData\Local\Programs\MiKTeX\tex/latex/pdfpages\pppdftex.def
File: pppdftex.def 2025/01/30 v0.6e Pdfpages driver for pdfTeX (AM)
)
\pdfpages@includegraphics@status=\count354
\AM@pagebox=\box74
\AM@global@opts=\toks51
\AM@pagecnt=\count355
\AM@toc@title=\toks52
\AM@lof@heading=\toks53
\c@AM@survey=\count356
\AM@templatesizebox=\box75
) (C:\Users\z004b0bv\AppData\Local\Programs\MiKTeX\tex/latex/placeins\placeins.sty
Package: placeins 2005/04/18  v 2.2
) (C:\Users\z004b0bv\AppData\Local\Programs\MiKTeX\tex/latex/float\float.sty
Package: float 2001/11/08 v1.3d Float enhancements (AL)
\c@float@type=\count357
\float@exts=\toks54
\float@box=\box76
\@float@everytoks=\toks55
\@floatcapt=\box77
) (C:\Users\z004b0bv\AppData\Local\Programs\MiKTeX\tex/latex/floatbytocbasic\floatbytocbasic.sty
Package: floatbytocbasic 2023-08-16 v1.0 improved float package using tocbasic
 (C:\Users\z004b0bv\AppData\Local\Programs\MiKTeX\tex/latex/xpatch\xpatch.sty (C:\Users\z004b0bv\AppData\Local\Programs\MiKTeX\tex/latex/l3kernel\expl3.sty
Package: expl3 2025-01-18 L3 programming layer (loader) 
 (C:\Users\z004b0bv\AppData\Local\Programs\MiKTeX\tex/latex/l3backend\l3backend-pdftex.def
File: l3backend-pdftex.def 2024-05-08 L3 backend support: PDF output (pdfTeX)
\l__color_backend_stack_int=\count358
\l__pdf_internal_box=\box78
))
Package: xpatch 2020/03/25 v0.3a Extending etoolbox patching commands
 (C:\Users\z004b0bv\AppData\Local\Programs\MiKTeX\tex/latex/l3packages/xparse\xparse.sty
Package: xparse 2024-08-16 L3 Experimental document command parser
))) (C:\Users\z004b0bv\AppData\Local\Programs\MiKTeX\tex/latex/tools\tabularx.sty
Package: tabularx 2023/12/11 v2.12a `tabularx' package (DPC)
 (C:\Users\z004b0bv\AppData\Local\Programs\MiKTeX\tex/latex/tools\array.sty
Package: array 2024/10/17 v2.6g Tabular extension package (FMi)
\col@sep=\dimen288
\ar@mcellbox=\box79
\extrarowheight=\dimen289
\NC@list=\toks56
\extratabsurround=\skip89
\backup@length=\skip90
\ar@cellbox=\box80
)
\TX@col@width=\dimen290
\TX@old@table=\dimen291
\TX@old@col=\dimen292
\TX@target=\dimen293
\TX@delta=\dimen294
\TX@cols=\count359
\TX@ftn=\toks57
) (C:\Users\z004b0bv\AppData\Local\Programs\MiKTeX\tex/latex/ragged2e\ragged2e.sty
Package: ragged2e 2023/06/22 v3.6 ragged2e Package
\CenteringLeftskip=\skip91
\RaggedLeftLeftskip=\skip92
\RaggedRightLeftskip=\skip93
\CenteringRightskip=\skip94
\RaggedLeftRightskip=\skip95
\RaggedRightRightskip=\skip96
\CenteringParfillskip=\skip97
\RaggedLeftParfillskip=\skip98
\RaggedRightParfillskip=\skip99
\JustifyingParfillskip=\skip100
\CenteringParindent=\skip101
\RaggedLeftParindent=\skip102
\RaggedRightParindent=\skip103
\JustifyingParindent=\skip104
) (C:\Users\z004b0bv\AppData\Local\Programs\MiKTeX\tex/latex/graphics\lscape.sty
Package: lscape 2020/05/28 v3.02 Landscape Pages (DPC)
) (C:\Users\z004b0bv\AppData\Local\Programs\MiKTeX\tex/latex/lscapeenhanced\lscapeenhanced.sty
Package: lscapeenhanced 2024-04-16 v1.0 improved lscape package
Package lscapeenhanced Info: \landscape patched to make \textheight change optional on input line 72.
\@lscapeenhanced@textheight=\skip105
) (C:\Users\z004b0bv\AppData\Local\Programs\MiKTeX\tex/latex/hyperref\hyperref.sty
Package: hyperref 2024-11-05 v7.01l Hypertext links for LaTeX
 (C:\Users\z004b0bv\AppData\Local\Programs\MiKTeX\tex/latex/kvsetkeys\kvsetkeys.sty
Package: kvsetkeys 2022-10-05 v1.19 Key value parser (HO)
) (C:\Users\z004b0bv\AppData\Local\Programs\MiKTeX\tex/generic/kvdefinekeys\kvdefinekeys.sty
Package: kvdefinekeys 2019-12-19 v1.6 Define keys (HO)
) (C:\Users\z004b0bv\AppData\Local\Programs\MiKTeX\tex/generic/pdfescape\pdfescape.sty
Package: pdfescape 2019/12/09 v1.15 Implements pdfTeX's escape features (HO)
 (C:\Users\z004b0bv\AppData\Local\Programs\MiKTeX\tex/generic/ltxcmds\ltxcmds.sty
Package: ltxcmds 2023-12-04 v1.26 LaTeX kernel commands for general use (HO)
) (C:\Users\z004b0bv\AppData\Local\Programs\MiKTeX\tex/generic/pdftexcmds\pdftexcmds.sty
Package: pdftexcmds 2020-06-27 v0.33 Utility functions of pdfTeX for LuaTeX (HO)
 (C:\Users\z004b0bv\AppData\Local\Programs\MiKTeX\tex/generic/infwarerr\infwarerr.sty
Package: infwarerr 2019/12/03 v1.5 Providing info/warning/error messages (HO)
)
Package pdftexcmds Info: \pdf@primitive is available.
Package pdftexcmds Info: \pdf@ifprimitive is available.
Package pdftexcmds Info: \pdfdraftmode found.
)) (C:\Users\z004b0bv\AppData\Local\Programs\MiKTeX\tex/latex/hycolor\hycolor.sty
Package: hycolor 2020-01-27 v1.10 Color options for hyperref/bookmark (HO)
) (C:\Users\z004b0bv\AppData\Local\Programs\MiKTeX\tex/latex/hyperref\nameref.sty
Package: nameref 2023-11-26 v2.56 Cross-referencing by name of section
 (C:\Users\z004b0bv\AppData\Local\Programs\MiKTeX\tex/latex/refcount\refcount.sty
Package: refcount 2019/12/15 v3.6 Data extraction from label references (HO)
) (C:\Users\z004b0bv\AppData\Local\Programs\MiKTeX\tex/generic/gettitlestring\gettitlestring.sty
Package: gettitlestring 2019/12/15 v1.6 Cleanup title references (HO)
 (C:\Users\z004b0bv\AppData\Local\Programs\MiKTeX\tex/latex/kvoptions\kvoptions.sty
Package: kvoptions 2022-06-15 v3.15 Key value format for package options (HO)
))
\c@section@level=\count360
) (C:\Users\z004b0bv\AppData\Local\Programs\MiKTeX\tex/generic/stringenc\stringenc.sty
Package: stringenc 2019/11/29 v1.12 Convert strings between diff. encodings (HO)
)
\@linkdim=\dimen295
\Hy@linkcounter=\count361
\Hy@pagecounter=\count362
 (C:\Users\z004b0bv\AppData\Local\Programs\MiKTeX\tex/latex/hyperref\pd1enc.def
File: pd1enc.def 2024-11-05 v7.01l Hyperref: PDFDocEncoding definition (HO)
Now handling font encoding PD1 ...
... no UTF-8 mapping file for font encoding PD1
) (C:\Users\z004b0bv\AppData\Local\Programs\MiKTeX\tex/generic/intcalc\intcalc.sty
Package: intcalc 2019/12/15 v1.3 Expandable calculations with integers (HO)
)
\Hy@SavedSpaceFactor=\count363
 (C:\Users\z004b0bv\AppData\Local\Programs\MiKTeX\tex/latex/hyperref\puenc.def
File: puenc.def 2024-11-05 v7.01l Hyperref: PDF Unicode definition (HO)
Now handling font encoding PU ...
... no UTF-8 mapping file for font encoding PU
)
Package hyperref Info: Option `final' set `true' on input line 4040.
Package hyperref Info: Option `bookmarks' set `true' on input line 4040.
Package hyperref Info: Option `bookmarksopen' set `true' on input line 4040.
Package hyperref Info: Option `bookmarksnumbered' set `true' on input line 4040.
Package hyperref Info: Option `pdfpagelabels' set `true' on input line 4040.
Package hyperref Info: Option `colorlinks' set `true' on input line 4040.
Package hyperref Info: Option `plainpages' set `false' on input line 4040.
Package hyperref Info: Option `hypertexnames' set `true' on input line 4040.
Package hyperref Info: Option `linktocpage' set `true' on input line 4040.
Package hyperref Info: Hyper figures OFF on input line 4157.
Package hyperref Info: Link nesting OFF on input line 4162.
Package hyperref Info: Hyper index ON on input line 4165.
Package hyperref Info: Plain pages OFF on input line 4172.
Package hyperref Info: Backreferencing OFF on input line 4177.
Package hyperref Info: Implicit mode ON; LaTeX internals redefined.
Package hyperref Info: Bookmarks ON on input line 4424.
\c@Hy@tempcnt=\count364
LaTeX Info: Redefining \url on input line 4763.
\XeTeXLinkMargin=\dimen296
 (C:\Users\z004b0bv\AppData\Local\Programs\MiKTeX\tex/generic/bitset\bitset.sty
Package: bitset 2019/12/09 v1.3 Handle bit-vector datatype (HO)
 (C:\Users\z004b0bv\AppData\Local\Programs\MiKTeX\tex/generic/bigintcalc\bigintcalc.sty
Package: bigintcalc 2019/12/15 v1.5 Expandable calculations on big integers (HO)
))
\Fld@menulength=\count365
\Field@Width=\dimen297
\Fld@charsize=\dimen298
Package hyperref Info: Hyper figures OFF on input line 6042.
Package hyperref Info: Link nesting OFF on input line 6047.
Package hyperref Info: Hyper index ON on input line 6050.
Package hyperref Info: backreferencing OFF on input line 6057.
Package hyperref Info: Link coloring ON on input line 6060.
Package hyperref Info: Link coloring with OCG OFF on input line 6067.
Package hyperref Info: PDF/A mode OFF on input line 6072.
 (C:\Users\z004b0bv\AppData\Local\Programs\MiKTeX\tex/latex/base\atbegshi-ltx.sty
Package: atbegshi-ltx 2021/01/10 v1.0c Emulation of the original atbegshi
package with kernel methods
)
\Hy@abspage=\count366
\c@Item=\count367
\c@Hfootnote=\count368
)
Package hyperref Info: Driver (autodetected): hpdftex.
 (C:\Users\z004b0bv\AppData\Local\Programs\MiKTeX\tex/latex/hyperref\hpdftex.def
File: hpdftex.def 2024-11-05 v7.01l Hyperref driver for pdfTeX
 (C:\Users\z004b0bv\AppData\Local\Programs\MiKTeX\tex/latex/base\atveryend-ltx.sty
Package: atveryend-ltx 2020/08/19 v1.0a Emulation of the original atveryend package
with kernel methods
)
\Fld@listcount=\count369
\c@bookmark@seq@number=\count370
 (C:\Users\z004b0bv\AppData\Local\Programs\MiKTeX\tex/latex/rerunfilecheck\rerunfilecheck.sty
Package: rerunfilecheck 2022-07-10 v1.10 Rerun checks for auxiliary files (HO)
 (C:\Users\z004b0bv\AppData\Local\Programs\MiKTeX\tex/generic/uniquecounter\uniquecounter.sty
Package: uniquecounter 2019/12/15 v1.4 Provide unlimited unique counter (HO)
)
Package uniquecounter Info: New unique counter `rerunfilecheck' on input line 285.
)
\Hy@SectionHShift=\skip106
) (C:\Users\z004b0bv\AppData\Local\Programs\MiKTeX\tex/latex/listings\listings.sty
\lst@mode=\count371
\lst@gtempboxa=\box81
\lst@token=\toks58
\lst@length=\count372
\lst@currlwidth=\dimen299
\lst@column=\count373
\lst@pos=\count374
\lst@lostspace=\dimen300
\lst@width=\dimen301
\lst@newlines=\count375
\lst@lineno=\count376
\lst@maxwidth=\dimen302
 (C:\Users\z004b0bv\AppData\Local\Programs\MiKTeX\tex/latex/listings\lstpatch.sty
File: lstpatch.sty 2024/09/23 1.10c (Carsten Heinz)
) (C:\Users\z004b0bv\AppData\Local\Programs\MiKTeX\tex/latex/listings\lstmisc.sty
File: lstmisc.sty 2024/09/23 1.10c (Carsten Heinz)
\c@lstnumber=\count377
\lst@skipnumbers=\count378
\lst@framebox=\box82
) (C:\Users\z004b0bv\AppData\Local\Programs\MiKTeX\tex/latex/listings\listings.cfg
File: listings.cfg 2024/09/23 1.10c listings configuration
))
Package: listings 2024/09/23 1.10c (Carsten Heinz)


Class scrbook Warning: Usage of package `tocloft' together
(scrbook)              with a KOMA-Script class is not recommended.
(scrbook)              I'd suggest to use options like `listof=entryprefix',
(scrbook)              commands like `\listoflofentryname' or
(scrbook)              `\listoflotentryname', and `\DeclareTOCStyleEntry' or
(scrbook)              `\RedeclareSectionCommand' instead of this package,
(scrbook)              because it breaks several KOMA-Script features of
(scrbook)              the list of figures, list of tables and table of
(scrbook)              contents, i.e., options like `listof=numbered',
(scrbook)              `listof=flat or `toc=flat', commands like
(scrbook)              `\BeforeTOCHead{...}' and `\AfterTOCHead{...}',
(scrbook)              `\BeforeStartingTOC{...}' and \AfterStartingTOC{...}',
(scrbook)              all features of `\DeclareTOCStyleEntry',
(scrbook)              and the ToC entry features of `\DeclareSecionCommand'
(scrbook)              and `\RedeclareSectionCommand' of levels
(scrbook)              `part', `section', `subsection',
(scrbook)              `subsubsection', `paragraph' and `subparagraph'.
(scrbook)              Nevertheless, using requested
(scrbook)              package `tocloft' on input line 110.

(C:\Users\z004b0bv\AppData\Local\Programs\MiKTeX\tex/latex/tocloft\tocloft.sty
Package: tocloft 2017/08/31 v2.3i parameterised ToC, etc., typesetting
Package tocloft Info: The document has chapter divisions on input line 51.
\cftparskip=\skip107
\cftbeforetoctitleskip=\skip108
\cftaftertoctitleskip=\skip109
\cftbeforepartskip=\skip110
\cftpartnumwidth=\skip111
\cftpartindent=\skip112
\cftbeforechapskip=\skip113
\cftchapindent=\skip114
\cftchapnumwidth=\skip115
\cftbeforesecskip=\skip116
\cftsecindent=\skip117
\cftsecnumwidth=\skip118
\cftbeforesubsecskip=\skip119
\cftsubsecindent=\skip120
\cftsubsecnumwidth=\skip121
\cftbeforesubsubsecskip=\skip122
\cftsubsubsecindent=\skip123
\cftsubsubsecnumwidth=\skip124
\cftbeforeparaskip=\skip125
\cftparaindent=\skip126
\cftparanumwidth=\skip127
\cftbeforesubparaskip=\skip128
\cftsubparaindent=\skip129
\cftsubparanumwidth=\skip130
\cftbeforeloftitleskip=\skip131
\cftafterloftitleskip=\skip132
\cftbeforefigskip=\skip133
\cftfigindent=\skip134
\cftfignumwidth=\skip135
\c@lofdepth=\count379
\c@lotdepth=\count380
\cftbeforelottitleskip=\skip136
\cftafterlottitleskip=\skip137
\cftbeforetabskip=\skip138
\cfttabindent=\skip139
\cfttabnumwidth=\skip140
) (C:\Users\z004b0bv\AppData\Local\Programs\MiKTeX\tex/latex/blindtext\blindtext.sty
Package: blindtext 2012/01/06 V2.0 blindtext-Package
 (C:\Users\z004b0bv\AppData\Local\Programs\MiKTeX\tex/latex/tools\xspace.sty
Package: xspace 2014/10/28 v1.13 Space after command names (DPC,MH)
)
\c@blindtext=\count381
\c@Blindtext=\count382
\c@blind@countparstart=\count383
\blind@countxx=\count384
\blindtext@numBlindtext=\count385
\blind@countyy=\count386
\c@blindlist=\count387
\c@blindlistlevel=\count388
\c@blindlist@level=\count389
\blind@listitem=\count390
\c@blind@listcount=\count391
\c@blind@levelcount=\count392
\blind@mathformula=\count393
\blind@Mathformula=\count394
\c@blind@randomcount=\count395
\c@blind@randommax=\count396
\c@blind@pangramcount=\count397
\c@blind@pangrammax=\count398
)
Package csquotes Info: Checking for multilingual support...
Package csquotes Info: ... found 'babel' package.
Package csquotes Info: Adjusting default style.
Package csquotes Info: Redefining alias 'default' -> 'ngerman'.
LaTeX Font Info:    Trying to load font information for T1+lmr on input line 142.
 (C:\Users\z004b0bv\AppData\Local\Programs\MiKTeX\tex/latex/lm\t1lmr.fd
File: t1lmr.fd 2015/05/01 v1.6.1 Font defs for Latin Modern
) (Bachelorarbeit.aux (cover.aux) (content/0_abstract.aux) (content/1_Einleitung.aux) (content/2_Grundlagen.aux) (content/3_Analyse.aux) (content/4_Entwicklung.aux) (content/5_Integration.aux) (content/6_Aspekte.aux) (content/7_Fazit_und_Ausblick.aux) (content/10_Inhaltsverzeichnis.aux) (content/11_Other.aux))
\openout1 = `Bachelorarbeit.aux'.

LaTeX Font Info:    Checking defaults for OML/cmm/m/it on input line 142.
LaTeX Font Info:    ... okay on input line 142.
LaTeX Font Info:    Checking defaults for OMS/cmsy/m/n on input line 142.
LaTeX Font Info:    ... okay on input line 142.
LaTeX Font Info:    Checking defaults for OT1/cmr/m/n on input line 142.
LaTeX Font Info:    ... okay on input line 142.
LaTeX Font Info:    Checking defaults for T1/cmr/m/n on input line 142.
LaTeX Font Info:    ... okay on input line 142.
LaTeX Font Info:    Checking defaults for TS1/cmr/m/n on input line 142.
LaTeX Font Info:    ... okay on input line 142.
LaTeX Font Info:    Checking defaults for OMX/cmex/m/n on input line 142.
LaTeX Font Info:    ... okay on input line 142.
LaTeX Font Info:    Checking defaults for U/cmr/m/n on input line 142.
LaTeX Font Info:    ... okay on input line 142.
LaTeX Font Info:    Checking defaults for PD1/pdf/m/n on input line 142.
LaTeX Font Info:    ... okay on input line 142.
LaTeX Font Info:    Checking defaults for PU/pdf/m/n on input line 142.
LaTeX Font Info:    ... okay on input line 142.
 (C:\Users\z004b0bv\AppData\Local\Programs\MiKTeX\tex/context/base/mkii\supp-pdf.mkii
[Loading MPS to PDF converter (version 2006.09.02).]
\scratchcounter=\count399
\scratchdimen=\dimen303
\scratchbox=\box83
\nofMPsegments=\count400
\nofMParguments=\count401
\everyMPshowfont=\toks59
\MPscratchCnt=\count402
\MPscratchDim=\dimen304
\MPnumerator=\count403
\makeMPintoPDFobject=\count404
\everyMPtoPDFconversion=\toks60
) (C:\Users\z004b0bv\AppData\Local\Programs\MiKTeX\tex/latex/epstopdf-pkg\epstopdf-base.sty
Package: epstopdf-base 2020-01-24 v2.11 Base part for package epstopdf
Package epstopdf-base Info: Redefining graphics rule for `.eps' on input line 485.
 (C:\Users\z004b0bv\AppData\Local\Programs\MiKTeX\tex/latex/00miktex\epstopdf-sys.cfg
File: epstopdf-sys.cfg 2021/03/18 v2.0 Configuration of epstopdf for MiKTeX
))
*geometry* driver: auto-detecting
*geometry* detected driver: pdftex
*geometry* verbose mode - [ preamble ] result:
* driver: pdftex
* paper: a4paper
* layout: <same size as paper>
* layoutoffset:(h,v)=(0.0pt,0.0pt)
* bindingoffset: 22.76228pt
* modes: 
* h-part:(L,W,R)=(71.13188pt, 417.40099pt, 86.21272pt)
* v-part:(T,H,B)=(85.35826pt, 658.28194pt, 101.40665pt)
* \paperwidth=597.50787pt
* \paperheight=845.04684pt
* \textwidth=417.40099pt
* \textheight=658.28194pt
* \oddsidemargin=21.62418pt
* \evensidemargin=-1.1381pt
* \topmargin=-26.78673pt
* \headheight=18.125pt
* \headsep=21.75pt
* \topskip=12.0pt
* \footskip=50.75pt
* \marginparwidth=49.79233pt
* \marginparsep=12.8401pt
* \columnsep=10.0pt
* \skip\footins=10.8pt plus 4.0pt minus 2.0pt
* \hoffset=0.0pt
* \voffset=0.0pt
* \mag=1000
* \@twocolumnfalse
* \@twosidefalse
* \@mparswitchfalse
* \@reversemarginfalse
* (1in=72.27pt=25.4mm, 1cm=28.453pt)


Package todonotes Warning: The length marginparwidth is less than 2cm and will most likely cause issues with the appearance of inserted todonotes. The issue can be solved by adding a line like \setlength {\marginparwidth }{2cm} prior to loading the todonotes package. on input line 142.

(C:\Users\z004b0bv\AppData\Local\Programs\MiKTeX\tex/latex/pdflscape\pdflscape.sty
Package: pdflscape 2022-10-27 v0.13 Display of landscape pages in PDF
 (C:\Users\z004b0bv\AppData\Local\Programs\MiKTeX\tex/latex/pdflscape\pdflscape-nometadata.sty
Package: pdflscape-nometadata 2022-10-28 v0.13 Display of landscape pages in PDF (HO)
Package pdflscape Info: Auto-detected driver: pdftex on input line 81.
))
Package hyperref Info: Link coloring ON on input line 142.
 (Bachelorarbeit.out) (Bachelorarbeit.out)
\@outlinefile=\write4
\openout4 = `Bachelorarbeit.out'.

Class scrbook Info: loading recommended package `bookmark'.
(scrbook)           Using `bookmark' together with `hyperref' is recommended,
(scrbook)           because of handling of possible bookmark level gaps.
(scrbook)           You can avoid loading `bookmark' with KOMA-Script option
(scrbook)           `bookmarkpackage=false' before \begin{document} and
(scrbook)           you can avoid this message adding:
(scrbook)             \usepackage{bookmark}
(scrbook)           before \begin{document} on input line 142.
 (C:\Users\z004b0bv\AppData\Local\Programs\MiKTeX\tex/latex/bookmark\bookmark.sty
Package: bookmark 2023-12-10 v1.31 PDF bookmarks (HO)
 (C:\Users\z004b0bv\AppData\Local\Programs\MiKTeX\tex/latex/bookmark\bkm-pdftex.def
File: bkm-pdftex.def 2023-12-10 v1.31 bookmark driver for pdfTeX and luaTeX (HO)
\BKM@id=\count405
))
\c@lstlisting=\count406
Package tocbasic Info: setting babel extension for `lol' on input line 142.
\scr@dte@lstlisting@maxnumwidth=\skip141
\openout2 = `cover.aux'.

 (cover.tex
<Fotos/ohm-logo.png, id=6, 171.5208pt x 43.1211pt>
File: Fotos/ohm-logo.png Graphic file (type png)
<use Fotos/ohm-logo.png>
Package pdftex.def Info: Fotos/ohm-logo.png  used on input line 7.
(pdftex.def)             Requested size: 417.40099pt x 104.94879pt.
LaTeX Font Info:    Trying to load font information for OT1+lmr on input line 27.
 (C:\Users\z004b0bv\AppData\Local\Programs\MiKTeX\tex/latex/lm\ot1lmr.fd
File: ot1lmr.fd 2015/05/01 v1.6.1 Font defs for Latin Modern
)
LaTeX Font Info:    Trying to load font information for OML+lmm on input line 27.
 (C:\Users\z004b0bv\AppData\Local\Programs\MiKTeX\tex/latex/lm\omllmm.fd
File: omllmm.fd 2015/05/01 v1.6.1 Font defs for Latin Modern
)
LaTeX Font Info:    Trying to load font information for OMS+lmsy on input line 27.
 (C:\Users\z004b0bv\AppData\Local\Programs\MiKTeX\tex/latex/lm\omslmsy.fd
File: omslmsy.fd 2015/05/01 v1.6.1 Font defs for Latin Modern
)
LaTeX Font Info:    Trying to load font information for OMX+lmex on input line 27.
 (C:\Users\z004b0bv\AppData\Local\Programs\MiKTeX\tex/latex/lm\omxlmex.fd
File: omxlmex.fd 2015/05/01 v1.6.1 Font defs for Latin Modern
)
LaTeX Font Info:    External font `lmex10' loaded for size
(Font)              <14.4> on input line 27.
LaTeX Font Info:    External font `lmex10' loaded for size
(Font)              <10> on input line 27.
LaTeX Font Info:    External font `lmex10' loaded for size
(Font)              <7> on input line 27.
LaTeX Font Info:    Trying to load font information for U+msa on input line 27.
 (C:\Users\z004b0bv\AppData\Local\Programs\MiKTeX\tex/latex/amsfonts\umsa.fd
File: umsa.fd 2013/01/14 v3.01 AMS symbols A
)
LaTeX Font Info:    Trying to load font information for U+msb on input line 27.
 (C:\Users\z004b0bv\AppData\Local\Programs\MiKTeX\tex/latex/amsfonts\umsb.fd
File: umsb.fd 2013/01/14 v3.01 AMS symbols B
)
Overfull \hbox (2.6461pt too wide) in paragraph at lines 28--28
[]|\T1/lmr/m/n/14.4 Erstgutachter:| 
 []

LaTeX Font Info:    Trying to load font information for TS1+lmr on input line 37.
(C:\Users\z004b0bv\AppData\Local\Programs\MiKTeX\tex/latex/lm\ts1lmr.fd
File: ts1lmr.fd 2015/05/01 v1.6.1 Font defs for Latin Modern
)

[1





{C:/Users/z004b0bv/AppData/Local/MiKTeX/fonts/map/pdftex/pdftex.map}{C:/Users/z004b0bv/AppData/Local/Programs/MiKTeX/fonts/enc/dvips/lm/lm-ec.enc}{C:/Users/z004b0bv/AppData/Local/Programs/MiKTeX/fonts/enc/dvips/lm/lm-ts1.enc} <./Fotos/ohm-logo.png>])
\openout2 = `content/0_abstract.aux'.


No file content/0_abstract.tex.
(Bachelorarbeit.toc
LaTeX Font Info:    External font `lmex10' loaded for size
(Font)              <12> on input line 2.
LaTeX Font Info:    External font `lmex10' loaded for size
(Font)              <8> on input line 2.
LaTeX Font Info:    External font `lmex10' loaded for size
(Font)              <6> on input line 2.


[2









])
\tf@toc=\write5
\openout5 = `Bachelorarbeit.toc'.



[3]
\openout2 = `content/1_Einleitung.aux'.

 (content/1_Einleitung.tex
chapter 1.


[1




])

[2]

[3]
\openout2 = `content/2_Grundlagen.aux'.

 (content/2_Grundlagen.tex
chapter 2.


[4





]
Overfull \hbox (6.5586pt too wide) in paragraph at lines 41--57
\T1/lmr/m/n/12 Grundstzlich ar-bei-tet ei-ne Spei-cher-pro-gram-mier-ba-re Steue-rung nach dem Eingabe-
 []



[5]
Overfull \hbox (6.88185pt too wide) in paragraph at lines 58--81
\T1/lmr/m/n/12 Pro-jek-tie-rung, Pro-gram-mie-rung und In-be-trieb-nah-me von SI-MA-TIC S7-Steuerungen
 []



[6]

[7])

[8]
\openout2 = `content/3_Analyse.aux'.

 (content/3_Analyse.tex
chapter 3.
LaTeX Font Info:    Trying to load font information for T1+lmtt on input line 20.
(C:\Users\z004b0bv\AppData\Local\Programs\MiKTeX\tex/latex/lm\t1lmtt.fd
File: t1lmtt.fd 2015/05/01 v1.6.1 Font defs for Latin Modern
)
Overfull \hbox (41.07994pt too wide) in paragraph at lines 20--21
[]\T1/lmr/m/n/12 Auslesen der Rck-mel-de-si-gna-le und Spei-che-rung in der Struk-tur \T1/lmtt/m/n/12 CHECKBACK_SIGNALS 
 []



[9





]
Overfull \hbox (37.66383pt too wide) in paragraph at lines 28--29
\T1/lmr/m/n/12 Mit der Funk-ti-on extttFC CNT2_WR oder dem Funk-ti-ons-bau-stein extttFB CNT2WRPN
 []



[10]
<Fotos/Beispiel_fm350-2.png, id=161, 197.538pt x 275.22826pt>
File: Fotos/Beispiel_fm350-2.png Graphic file (type png)
<use Fotos/Beispiel_fm350-2.png>
Package pdftex.def Info: Fotos/Beispiel_fm350-2.png  used on input line 75.
(pdftex.def)             Requested size: 333.92206pt x 465.26547pt.


[11]

Package tabularx Warning: X Columns too narrow (table too wide)
(tabularx)                 on input line 118.


Overfull \hbox (47.54645pt too wide) in paragraph at lines 118--118
[]|\T1/lmr/bx/n/12 Kriterium| 
 []


Overfull \hbox (10.44516pt too wide) in paragraph at lines 118--118
[]|\T1/lmr/bx/n/12 TM
 []


Overfull \hbox (22.31914pt too wide) in paragraph at lines 118--118
\T1/lmr/bx/n/12 FAST| 
 []


Overfull \hbox (9.54213pt too wide) in paragraph at lines 118--118
[]|\T1/lmr/bx/n/12 FM
 []


Overfull \hbox (13.00017pt too wide) in paragraph at lines 118--118
\T1/lmr/bx/n/12 350-
 []


Overfull \hbox (47.97455pt too wide) in paragraph at lines 118--118
[]|\T1/lmr/m/n/12 Architektur| 
 []


Overfull \hbox (25.85634pt too wide) in paragraph at lines 118--118
[]|\T1/lmr/m/n/12 FPGA-
 []


Overfull \hbox (26.17645pt too wide) in paragraph at lines 118--118
\T1/lmr/m/n/12 basiert,
 []


Overfull \hbox (3.91681pt too wide) in paragraph at lines 118--118
\T1/lmr/m/n/12 fle-
 []


Overfull \hbox (1.63234pt too wide) in paragraph at lines 118--118
\T1/lmr/m/n/12 xi-
 []


Overfull \hbox (3.26413pt too wide) in paragraph at lines 118--118
\T1/lmr/m/n/12 ble
 []


Overfull \hbox (7.83412pt too wide) in paragraph at lines 118--118
\T1/lmr/m/n/12 und
 []


Overfull \hbox (9.13914pt too wide) in paragraph at lines 118--118
\T1/lmr/m/n/12 pro-
 []


Overfull \hbox (18.27815pt too wide) in paragraph at lines 118--118
\T1/lmr/m/n/12 gram-
 []


Overfull \hbox (15.01416pt too wide) in paragraph at lines 118--118
\T1/lmr/m/n/12 mier-
 []


Overfull \hbox (4.56981pt too wide) in paragraph at lines 118--118
\T1/lmr/m/n/12 ba-
 []


Underfull \hbox (badness 10000) in paragraph at lines 118--118
\T1/lmr/m/n/12 re
 []


Overfull \hbox (17.94714pt too wide) in paragraph at lines 118--118
\T1/lmr/m/n/12 Hard-
 []


Overfull \hbox (6.2014pt too wide) in paragraph at lines 118--118
\T1/lmr/m/n/12 wa-
 []


Overfull \hbox (1.95816pt too wide) in paragraph at lines 118--118
\T1/lmr/m/n/12 re-
 []


Overfull \hbox (16.97247pt too wide) in paragraph at lines 118--118
\T1/lmr/m/n/12 platt-
 []


Overfull \hbox (12.07674pt too wide) in paragraph at lines 118--118
\T1/lmr/m/n/12 form| 
 []


Overfull \hbox (21.76779pt too wide) in paragraph at lines 118--118
[]|\T1/lmr/m/n/12 Reines
 []


Overfull \hbox (11.75029pt too wide) in paragraph at lines 118--118
\T1/lmr/m/n/12 Zh-
 []


Overfull \hbox (5.22215pt too wide) in paragraph at lines 118--118
\T1/lmr/m/n/12 ler-
 []


Overfull \hbox (7.83383pt too wide) in paragraph at lines 118--118
\T1/lmr/m/n/12 mo-
 []


Overfull \hbox (4.57013pt too wide) in paragraph at lines 118--118
\T1/lmr/m/n/12 dul
 []


Overfull \hbox (4.56981pt too wide) in paragraph at lines 118--118
\T1/lmr/m/n/12 oh-
 []


Overfull \hbox (25.85634pt too wide) in paragraph at lines 118--118
\T1/lmr/m/n/12 FPGA-
 []


Overfull \hbox (48.30545pt too wide) in paragraph at lines 118--118
\T1/lmr/m/n/12 Technologie| 
 []


Overfull \hbox (61.84941pt too wide) in paragraph at lines 118--118
[]|\T1/lmr/m/n/12 Funktionalitt| 
 []


Overfull \hbox (16.31612pt too wide) in paragraph at lines 118--118
[]|\T1/lmr/m/n/12 Kann
 []


Overfull \hbox (13.70894pt too wide) in paragraph at lines 118--118
\T1/lmr/m/n/12 kom-
 []


Overfull \hbox (7.1808pt too wide) in paragraph at lines 118--118
\T1/lmr/m/n/12 ple-
 []


Underfull \hbox (badness 10000) in paragraph at lines 118--118
\T1/lmr/m/n/12 xe
 []


Overfull \hbox (84.62991pt too wide) in paragraph at lines 118--118
\T1/lmr/m/n/12 Prozesssteuerungs-
 []


Underfull \hbox (badness 10000) in paragraph at lines 118--118

 []


Overfull \hbox (7.83412pt too wide) in paragraph at lines 118--118
\T1/lmr/m/n/12 und
 []


Overfull \hbox (17.62053pt too wide) in paragraph at lines 118--118
\T1/lmr/m/n/12 ber-
 []


Overfull \hbox (6.2014pt too wide) in paragraph at lines 118--118
\T1/lmr/m/n/12 wa-
 []


Overfull \hbox (26.82964pt too wide) in paragraph at lines 118--118
\T1/lmr/m/n/12 chungs-
 []


Overfull \hbox (8.16005pt too wide) in paragraph at lines 118--118
\T1/lmr/m/n/12 auf-
 []


Overfull \hbox (3.91681pt too wide) in paragraph at lines 118--118
\T1/lmr/m/n/12 ga-
 []


Overfull \hbox (6.8545pt too wide) in paragraph at lines 118--118
\T1/lmr/m/n/12 ben
 []


Overfull \hbox (15.34052pt too wide) in paragraph at lines 118--118
\T1/lmr/m/n/12 ber-
 []


Overfull \hbox (10.4448pt too wide) in paragraph at lines 118--118
\T1/lmr/m/n/12 neh-
 []


Overfull \hbox (9.79214pt too wide) in paragraph at lines 118--118
\T1/lmr/m/n/12 men| 
 []


Overfull \hbox (50.00278pt too wide) in paragraph at lines 118--118
[]|\T1/lmr/m/n/12 Spezialisiert
 []


Overfull \hbox (4.24338pt too wide) in paragraph at lines 118--118
\T1/lmr/m/n/12 auf
 []


Overfull \hbox (11.75029pt too wide) in paragraph at lines 118--118
\T1/lmr/m/n/12 Zh-
 []


Overfull \hbox (6.52812pt too wide) in paragraph at lines 118--118
\T1/lmr/m/n/12 len,
 []


Overfull \hbox (38.34845pt too wide) in paragraph at lines 118--118
\T1/lmr/m/n/12 Frequenz-
 []


Underfull \hbox (badness 10000) in paragraph at lines 118--118

 []


Overfull \hbox (7.83412pt too wide) in paragraph at lines 118--118
\T1/lmr/m/n/12 und
 []


Overfull \hbox (17.46014pt too wide) in paragraph at lines 118--118
\T1/lmr/m/n/12 Dreh-
 []


Overfull \hbox (13.05579pt too wide) in paragraph at lines 118--118
\T1/lmr/m/n/12 zahl-
 []


Overfull \hbox (11.8155pt too wide) in paragraph at lines 118--118
\T1/lmr/m/n/12 mes-
 []


Overfull \hbox (11.8158pt too wide) in paragraph at lines 118--118
\T1/lmr/m/n/12 sung| 
 []


Overfull \hbox (82.21481pt too wide) in paragraph at lines 118--118
[]|\T1/lmr/m/n/12 Prozessintegration| 
 []


Overfull \hbox (16.31612pt too wide) in paragraph at lines 118--118
[]|\T1/lmr/m/n/12 Kann
 []


Overfull \hbox (1.95882pt too wide) in paragraph at lines 118--118
\T1/lmr/m/n/12 di-
 []


Overfull \hbox (8.81233pt too wide) in paragraph at lines 118--118
\T1/lmr/m/n/12 rekt
 []


Underfull \hbox (badness 10000) in paragraph at lines 118--118
\T1/lmr/m/n/12 in
 []


Overfull \hbox (6.52812pt too wide) in paragraph at lines 118--118
\T1/lmr/m/n/12 den
 []


Overfull \hbox (10.60567pt too wide) in paragraph at lines 118--118
\T1/lmr/m/n/12 Pro-
 []


Overfull \hbox (11.42432pt too wide) in paragraph at lines 118--118
\T1/lmr/m/n/12 duk-
 []


Overfull \hbox (9.20448pt too wide) in paragraph at lines 118--118
\T1/lmr/m/n/12 ons-
 []


Overfull \hbox (9.13914pt too wide) in paragraph at lines 118--118
\T1/lmr/m/n/12 pro-
 []


Overfull \hbox (7.96349pt too wide) in paragraph at lines 118--118
\T1/lmr/m/n/12 zess
 []


Overfull \hbox (7.1808pt too wide) in paragraph at lines 118--118
\T1/lmr/m/n/12 ein-
 []


Overfull \hbox (11.09714pt too wide) in paragraph at lines 118--118
\T1/lmr/m/n/12 grei-
 []


Overfull \hbox (3.59038pt too wide) in paragraph at lines 118--118
\T1/lmr/m/n/12 fen
 []


Overfull \hbox (7.83412pt too wide) in paragraph at lines 118--118
\T1/lmr/m/n/12 und
 []


Overfull \hbox (10.60567pt too wide) in paragraph at lines 118--118
\T1/lmr/m/n/12 Pro-
 []


Overfull \hbox (7.24548pt too wide) in paragraph at lines 118--118
\T1/lmr/m/n/12 zes-
 []


Underfull \hbox (badness 10000) in paragraph at lines 118--118
\T1/lmr/m/n/12 s-
 []


Underfull \hbox (badness 10000) in paragraph at lines 118--118
\T1/lmr/m/n/12 a-
 []


Overfull \hbox (5.87515pt too wide) in paragraph at lines 118--118
\T1/lmr/m/n/12 lar-
 []


Overfull \hbox (3.26416pt too wide) in paragraph at lines 118--118
\T1/lmr/m/n/12 me
 []


Overfull \hbox (9.20448pt too wide) in paragraph at lines 118--118
\T1/lmr/m/n/12 aus-
 []


Overfull \hbox (1.30582pt too wide) in paragraph at lines 118--118
\T1/lmr/m/n/12 l-
 []


Overfull \hbox (4.63481pt too wide) in paragraph at lines 118--118
\T1/lmr/m/n/12 sen| 
 []


Overfull \hbox (22.02855pt too wide) in paragraph at lines 118--118
[]|\T1/lmr/m/n/12 Liefert
 []


Overfull \hbox (24.8056pt too wide) in paragraph at lines 118--118
\T1/lmr/m/n/12 Zhler-
 []


Underfull \hbox (badness 10000) in paragraph at lines 118--118

 []


Overfull \hbox (7.83412pt too wide) in paragraph at lines 118--118
\T1/lmr/m/n/12 und
 []


Overfull \hbox (17.42517pt too wide) in paragraph at lines 118--118
\T1/lmr/m/n/12 Mess-
 []


Overfull \hbox (10.11774pt too wide) in paragraph at lines 118--118
\T1/lmr/m/n/12 wer-
 []


Overfull \hbox (1.30548pt too wide) in paragraph at lines 118--118
\T1/lmr/m/n/12 te,
 []


Overfull \hbox (3.26413pt too wide) in paragraph at lines 118--118
\T1/lmr/m/n/12 die
 []


Overfull \hbox (6.52824pt too wide) in paragraph at lines 118--118
\T1/lmr/m/n/12 von
 []


Overfull \hbox (4.56947pt too wide) in paragraph at lines 118--118
\T1/lmr/m/n/12 der
 []


Overfull \hbox (15.34052pt too wide) in paragraph at lines 118--118
\T1/lmr/m/n/12 ber-
 []


Overfull \hbox (3.26381pt too wide) in paragraph at lines 118--118
\T1/lmr/m/n/12 ge-
 []


Overfull \hbox (9.13914pt too wide) in paragraph at lines 118--118
\T1/lmr/m/n/12 ord-
 []


Overfull \hbox (3.91681pt too wide) in paragraph at lines 118--118
\T1/lmr/m/n/12 ne-
 []


Overfull \hbox (4.56947pt too wide) in paragraph at lines 118--118
\T1/lmr/m/n/12 ten
 []


Overfull \hbox (20.23611pt too wide) in paragraph at lines 118--118
\T1/lmr/m/n/12 Steue-
 []


Overfull \hbox (11.75046pt too wide) in paragraph at lines 118--118
\T1/lmr/m/n/12 rung
 []


Overfull \hbox (8.8124pt too wide) in paragraph at lines 118--118
\T1/lmr/m/n/12 wei-
 []


Overfull \hbox (6.5275pt too wide) in paragraph at lines 118--118
\T1/lmr/m/n/12 ter-
 []


Overfull \hbox (7.83327pt too wide) in paragraph at lines 118--118
\T1/lmr/m/n/12 ver-
 []


Overfull \hbox (2.61116pt too wide) in paragraph at lines 118--118
\T1/lmr/m/n/12 ar-
 []


Overfull \hbox (7.50719pt too wide) in paragraph at lines 118--118
\T1/lmr/m/n/12 bei-
 []


Overfull \hbox (2.61082pt too wide) in paragraph at lines 118--118
\T1/lmr/m/n/12 tet
 []


Overfull \hbox (10.11774pt too wide) in paragraph at lines 118--118
\T1/lmr/m/n/12 wer-
 []


Overfull \hbox (6.52812pt too wide) in paragraph at lines 118--118
\T1/lmr/m/n/12 den| 
 []


Overfull \hbox (45.20326pt too wide) in paragraph at lines 118--118
[]|\T1/lmr/m/n/12 Flexibilitt| 
 []


Overfull \hbox (14.68312pt too wide) in paragraph at lines 118--118
[]|\T1/lmr/m/n/12 Hohe
 []


Overfull \hbox (8.32082pt too wide) in paragraph at lines 118--118
\T1/lmr/m/n/12 Fle-
 []


Overfull \hbox (1.63234pt too wide) in paragraph at lines 118--118
\T1/lmr/m/n/12 xi-
 []


Overfull \hbox (1.95882pt too wide) in paragraph at lines 118--118
\T1/lmr/m/n/12 bi-
 []


Underfull \hbox (badness 10000) in paragraph at lines 118--118
\T1/lmr/m/n/12 li-
 []


Overfull \hbox (3.26382pt too wide) in paragraph at lines 118--118
\T1/lmr/m/n/12 tt
 []


Overfull \hbox (7.83412pt too wide) in paragraph at lines 118--118
\T1/lmr/m/n/12 und
 []


Overfull \hbox (7.50282pt too wide) in paragraph at lines 118--118
\T1/lmr/m/n/12 An-
 []


Overfull \hbox (9.20448pt too wide) in paragraph at lines 118--118
\T1/lmr/m/n/12 pas-
 []


Overfull \hbox (20.36714pt too wide) in paragraph at lines 118--118
\T1/lmr/m/n/12 sungs-
 []


Overfull \hbox (1.63206pt too wide) in paragraph at lines 118--118
\T1/lmr/m/n/12 f-
 []


Overfull \hbox (7.8338pt too wide) in paragraph at lines 118--118
\T1/lmr/m/n/12 hig-
 []


Overfull \hbox (7.18059pt too wide) in paragraph at lines 118--118
\T1/lmr/m/n/12 keit
 []


Overfull \hbox (17.29904pt too wide) in paragraph at lines 118--118
\T1/lmr/m/n/12 durch
 []


Overfull \hbox (25.85634pt too wide) in paragraph at lines 118--118
\T1/lmr/m/n/12 FPGA-
 []


Overfull \hbox (47.97455pt too wide) in paragraph at lines 118--118
\T1/lmr/m/n/12 Architektur| 
 []


Overfull \hbox (44.61426pt too wide) in paragraph at lines 118--118
[]|\T1/lmr/m/n/12 Festgelegte
 []


Overfull \hbox (18.11316pt too wide) in paragraph at lines 118--118
\T1/lmr/m/n/12 Funk-
 []


Overfull \hbox (5.87515pt too wide) in paragraph at lines 118--118
\T1/lmr/m/n/12 tio-
 []


Overfull \hbox (4.56981pt too wide) in paragraph at lines 118--118
\T1/lmr/m/n/12 na-
 []


Underfull \hbox (badness 10000) in paragraph at lines 118--118
\T1/lmr/m/n/12 li-
 []


Overfull \hbox (6.52782pt too wide) in paragraph at lines 118--118
\T1/lmr/m/n/12 tt,
 []


Overfull \hbox (3.26413pt too wide) in paragraph at lines 118--118
\T1/lmr/m/n/12 die
 []


Overfull \hbox (13.70865pt too wide) in paragraph at lines 118--118
\T1/lmr/m/n/12 nicht
 []


Overfull \hbox (4.56981pt too wide) in paragraph at lines 118--118
\T1/lmr/m/n/12 oh-
 []


Overfull \hbox (11.74567pt too wide) in paragraph at lines 118--118
\T1/lmr/m/n/12 Wei-
 []


Overfull \hbox (1.95816pt too wide) in paragraph at lines 118--118
\T1/lmr/m/n/12 te-
 []


Overfull \hbox (2.67616pt too wide) in paragraph at lines 118--118
\T1/lmr/m/n/12 res
 []


Overfull \hbox (1.95816pt too wide) in paragraph at lines 118--118
\T1/lmr/m/n/12 er-
 []


Overfull \hbox (8.8124pt too wide) in paragraph at lines 118--118
\T1/lmr/m/n/12 wei-
 []


Overfull \hbox (7.18016pt too wide) in paragraph at lines 118--118
\T1/lmr/m/n/12 tert
 []


Overfull \hbox (10.11774pt too wide) in paragraph at lines 118--118
\T1/lmr/m/n/12 wer-
 []


Overfull \hbox (6.52812pt too wide) in paragraph at lines 118--118
\T1/lmr/m/n/12 den
 []


Overfull \hbox (13.38263pt too wide) in paragraph at lines 118--118
\T1/lmr/m/n/12 kann| 
 []


Overfull \hbox (65.9316pt too wide) in paragraph at lines 118--118
[]|\T1/lmr/m/n/12 Zhlfunktionen| 
 []


Overfull \hbox (38.34845pt too wide) in paragraph at lines 118--118
[]|\T1/lmr/m/n/12 Frequenz-
 []


Underfull \hbox (badness 10000) in paragraph at lines 118--118

 []


Overfull \hbox (7.83412pt too wide) in paragraph at lines 118--118
\T1/lmr/m/n/12 und
 []


Overfull \hbox (17.46014pt too wide) in paragraph at lines 118--118
\T1/lmr/m/n/12 Dreh-
 []


Overfull \hbox (13.05579pt too wide) in paragraph at lines 118--118
\T1/lmr/m/n/12 zahl-
 []


Overfull \hbox (11.8155pt too wide) in paragraph at lines 118--118
\T1/lmr/m/n/12 mes-
 []


Overfull \hbox (11.8158pt too wide) in paragraph at lines 118--118
\T1/lmr/m/n/12 sung| 
 []


Overfull \hbox (47.48915pt too wide) in paragraph at lines 118--118
[]|\T1/lmr/m/n/12 Einbindung
 []


Underfull \hbox (badness 10000) in paragraph at lines 118--118
\T1/lmr/m/n/12 in
 []


Overfull \hbox (20.23611pt too wide) in paragraph at lines 118--118
\T1/lmr/m/n/12 Steue-
 []


Overfull \hbox (20.3018pt too wide) in paragraph at lines 118--118
\T1/lmr/m/n/12 rungs-
 []


Overfull \hbox (2.61116pt too wide) in paragraph at lines 118--118
\T1/lmr/m/n/12 ar-
 []


Overfull \hbox (6.8544pt too wide) in paragraph at lines 118--118
\T1/lmr/m/n/12 chi-
 []


Overfull \hbox (8.15967pt too wide) in paragraph at lines 118--118
\T1/lmr/m/n/12 tek-
 []


Overfull \hbox (3.91682pt too wide) in paragraph at lines 118--118
\T1/lmr/m/n/12 tur| 
 []


Overfull \hbox (46.0824pt too wide) in paragraph at lines 118--118
[]|\T1/lmr/m/n/12 Industrielle
 []


Overfull \hbox (7.50282pt too wide) in paragraph at lines 118--118
\T1/lmr/m/n/12 An-
 []


Overfull \hbox (12.07639pt too wide) in paragraph at lines 118--118
\T1/lmr/m/n/12 wen-
 []


Overfull \hbox (11.7508pt too wide) in paragraph at lines 118--118
\T1/lmr/m/n/12 dun-
 []


Overfull \hbox (5.87512pt too wide) in paragraph at lines 118--118
\T1/lmr/m/n/12 gen| 
 []


Overfull \hbox (158.75838pt too wide) in alignment at lines 118--118
[][][] 
 []


LaTeX Warning: Float too large for page by 898.86821pt on input line 121.


LaTeX Warning: `h' float specifier changed to `ht'.

)

[12 <./Fotos/Beispiel_fm350-2.png>]

[13]
\openout2 = `content/4_Entwicklung.aux'.

 (content/4_Entwicklung.tex
chapter 4.
)

[14





]
\openout2 = `content/5_Integration.aux'.

 (content/5_Integration.tex
chapter 5.
)

[15





]
\openout2 = `content/6_Aspekte.aux'.

 (content/6_Aspekte.tex
chapter 6.
)

[16





]
\openout2 = `content/7_Fazit_und_Ausblick.aux'.

 (content/7_Fazit_und_Ausblick.tex
chapter 7.
)

[17





]
\openout2 = `content/10_Inhaltsverzeichnis.aux'.

 (content/10_Inhaltsverzeichnis.tex
Underfull \hbox (badness 10000) in paragraph at lines 9--10
[]\T1/lmr/m/n/12 Merkur (2022): \T1/lmr/m/it/12 Sie-mens ^^U Ge-schich-te, Ak-tie und T-tig-keits-
 []


Underfull \hbox (badness 10000) in paragraph at lines 9--10
\T1/lmr/m/it/12 fel-der\T1/lmr/m/n/12 . Ver-fg-bar un-ter: [][]$\T1/lmtt/m/n/12 https : / / www . merkur . de / wirtschaft /
 []


Underfull \hbox (badness 10000) in paragraph at lines 9--10
\T1/lmtt/m/n/12 siemens-[]geschichte-[]aktie-[]und-[]taetigkeitsfelder-[]91268844 . html$[][]\T1/lmr/m/n/12 .
 []


Underfull \hbox (badness 10000) in paragraph at lines 15--16
\T1/lmtt/m/n/12 SA-[]88s-[]physical-[]model-[]and-[]an-[]example-[]production-[]allocation _ fig2 _
 []


Underfull \hbox (badness 1565) in paragraph at lines 28--29
\T1/lmtt/m/n/12 20226 / v1 / s7300 _ fm350 _ 2 _ operating _ instructions _ de _ de-[]DE . pdf$[][]\T1/lmr/m/n/12 . Zu-griff
 []


Underfull \hbox (badness 1048) in paragraph at lines 31--32
[]\T1/lmr/m/n/12 Siemens AG (2023): \T1/lmr/m/it/12 TMFast Pro-gramm-ei-er Hand-buch\T1/lmr/m/n/12 . Ver-fg-bar un-ter:
 []


Underfull \hbox (badness 10000) in paragraph at lines 31--32
[][]$\T1/lmtt/m/n/12 https : / / cache . industry . siemens . com / dl / files / 088 / 109816088 / att _
 []


Underfull \hbox (badness 10000) in paragraph at lines 31--32
\T1/lmtt/m/n/12 1144842 / v2 / s71500 _ tm _ fast _ programming _ manual _ de-[]DE _ de-[]DE . pdf$[][]\T1/lmr/m/n/12 .
 []

)

[18





]
\openout2 = `content/11_Other.aux'.

 (content/11_Other.tex
chapter 8.


[19





]

[20]
Overfull \hbox (2.99683pt too wide) in paragraph at lines 49--51
[]\T1/lmr/m/n/12 Durch die-se struk-tu-rier-te Vor-ge-hens-wei-se kn-nen Sie si-cher-stel-len, dass Ih-re VHDL-
 []



[21]
chapter 9.

Overfull \hbox (24.32137pt too wide) in paragraph at lines 53--57
\T1/lmr/m/n/12 Hard-wa-re-con-figs von der CPU oder von TMFast ge-hand-habt wer-den? ->hardwareconfig
 []


Overfull \hbox (12.63663pt too wide) in paragraph at lines 79--80
\T1/lmr/m/n/12 (ber-lauf fr coun-ter (jus-tie-rung)) / TMFast er-for-dert Kommunikations-Protokolle 
 []



[22


]

[23]
chapter 10.

Overfull \hbox (9.9614pt too wide) in paragraph at lines 111--113
[]\T1/lmr/m/n/12 - 0000_0000_0000_0000_0000_0000_0000_0001 -> FB_IF(0)(0)<='1'; - /->Q0.0
 []



[24


]
chapter 11.
)

[25


] (Bachelorarbeit.aux (cover.aux) (content/0_abstract.aux) (content/1_Einleitung.aux) (content/2_Grundlagen.aux) (content/3_Analyse.aux) (content/4_Entwicklung.aux) (content/5_Integration.aux) (content/6_Aspekte.aux) (content/7_Fazit_und_Ausblick.aux) (content/10_Inhaltsverzeichnis.aux) (content/11_Other.aux))
 ***********
LaTeX2e <2024-11-01> patch level 2
L3 programming layer <2020/03/25>
 ***********
Package rerunfilecheck Info: File `Bachelorarbeit.out' has not changed.
(rerunfilecheck)             Checksum: D41D8CD98F00B204E9800998ECF8427E;0.
 ) 
Here is how much of TeX's memory you used:
 38142 strings out of 473522
 782792 string characters out of 5713157
 1398783 words of memory out of 5000000
 60567 multiletter control sequences out of 15000+600000
 620083 words of font info for 82 fonts, out of 8000000 for 9000
 1141 hyphenation exceptions out of 8191
 108i,20n,107p,10937b,729s stack positions out of 10000i,1000n,20000p,200000b,200000s
<C:/Users/z004b0bv/AppData/Local/Programs/MiKTeX/fonts/type1/public/lm/lmbx12.pfb><C:/Users/z004b0bv/AppData/Local/Programs/MiKTeX/fonts/type1/public/lm/lmr10.pfb><C:/Users/z004b0bv/AppData/Local/Programs/MiKTeX/fonts/type1/public/lm/lmr12.pfb><C:/Users/z004b0bv/AppData/Local/Programs/MiKTeX/fonts/type1/public/lm/lmr17.pfb><C:/Users/z004b0bv/AppData/Local/Programs/MiKTeX/fonts/type1/public/lm/lmri12.pfb><C:/Users/z004b0bv/AppData/Local/Programs/MiKTeX/fonts/type1/public/lm/lmro12.pfb><C:/Users/z004b0bv/AppData/Local/Programs/MiKTeX/fonts/type1/public/lm/lmtt12.pfb>
Output written on Bachelorarbeit.pdf (28 pages, 338456 bytes).
PDF statistics:
 443 PDF objects out of 1000 (max. 8388607)
 99 named destinations out of 1000 (max. 500000)
 351 words of extra memory for PDF output out of 10000 (max. 10000000)

